  [1m[35m (381.6ms)[0m  [1m[35mCREATE DATABASE "URLShortener_development" ENCODING = 'unicode'[0m
  ↳ bin/rails:9
  [1m[35m (330.8ms)[0m  [1m[35mCREATE DATABASE "URLShortener_test" ENCODING = 'unicode'[0m
  ↳ bin/rails:9
  [1m[35m (23.3ms)[0m  [1m[35mCREATE TABLE "schema_migrations" ("version" character varying NOT NULL PRIMARY KEY)[0m
  ↳ bin/rails:9
  [1m[35m (10.9ms)[0m  [1m[35mCREATE TABLE "ar_internal_metadata" ("key" character varying NOT NULL PRIMARY KEY, "value" character varying, "created_at" timestamp NOT NULL, "updated_at" timestamp NOT NULL)[0m
  ↳ bin/rails:9
  [1m[35m (0.6ms)[0m  [1m[34mSELECT pg_try_advisory_lock(4762635147840476445)[0m
  ↳ bin/rails:9
  [1m[35m (1.3ms)[0m  [1m[34mSELECT "schema_migrations"."version" FROM "schema_migrations" ORDER BY "schema_migrations"."version" ASC[0m
  ↳ bin/rails:9
Migrating to CreateUsers (20210930234559)
  [1m[35m (0.2ms)[0m  [1m[35mBEGIN[0m
  ↳ bin/rails:9
  [1m[35m (12.9ms)[0m  [1m[35mCREATE TABLE "users" ("id" bigserial primary key, "email" character varying NOT NULL, "created_at" timestamp NOT NULL, "updated_at" timestamp NOT NULL)[0m
  ↳ db/migrate/20210930234559_create_users.rb:3
  [1m[35m (1.1ms)[0m  [1m[31mROLLBACK[0m
  ↳ bin/rails:9
  [1m[35m (1.8ms)[0m  [1m[34mSELECT pg_advisory_unlock(4762635147840476445)[0m
  ↳ bin/rails:9
  [1m[35m (0.3ms)[0m  [1m[34mSELECT pg_try_advisory_lock(4762635147840476445)[0m
  ↳ bin/rails:9
  [1m[35m (0.7ms)[0m  [1m[34mSELECT "schema_migrations"."version" FROM "schema_migrations" ORDER BY "schema_migrations"."version" ASC[0m
  ↳ bin/rails:9
Migrating to CreateUsers (20210930234559)
  [1m[35m (0.3ms)[0m  [1m[35mBEGIN[0m
  ↳ bin/rails:9
  [1m[35m (24.1ms)[0m  [1m[35mCREATE TABLE "users" ("id" bigserial primary key, "email" character varying NOT NULL, "created_at" timestamp NOT NULL, "updated_at" timestamp NOT NULL)[0m
  ↳ db/migrate/20210930234559_create_users.rb:3
  [1m[35m (4.9ms)[0m  [1m[35mCREATE  INDEX  "index_users_on_email" ON "users"  ("email")[0m
  ↳ db/migrate/20210930234559_create_users.rb:8
  [1m[36mActiveRecord::SchemaMigration Create (3.1ms)[0m  [1m[32mINSERT INTO "schema_migrations" ("version") VALUES ($1) RETURNING "version"[0m  [["version", "20210930234559"]]
  ↳ bin/rails:9
  [1m[35m (4.6ms)[0m  [1m[35mCOMMIT[0m
  ↳ bin/rails:9
  [1m[36mActiveRecord::InternalMetadata Load (2.6ms)[0m  [1m[34mSELECT  "ar_internal_metadata".* FROM "ar_internal_metadata" WHERE "ar_internal_metadata"."key" = $1 LIMIT $2[0m  [["key", "environment"], ["LIMIT", 1]]
  ↳ bin/rails:9
  [1m[35m (1.9ms)[0m  [1m[35mBEGIN[0m
  ↳ bin/rails:9
  [1m[36mActiveRecord::InternalMetadata Create (2.5ms)[0m  [1m[32mINSERT INTO "ar_internal_metadata" ("key", "value", "created_at", "updated_at") VALUES ($1, $2, $3, $4) RETURNING "key"[0m  [["key", "environment"], ["value", "development"], ["created_at", "2021-09-30 23:56:48.123529"], ["updated_at", "2021-09-30 23:56:48.123529"]]
  ↳ bin/rails:9
  [1m[35m (3.5ms)[0m  [1m[35mCOMMIT[0m
  ↳ bin/rails:9
  [1m[35m (0.6ms)[0m  [1m[34mSELECT pg_advisory_unlock(4762635147840476445)[0m
  ↳ bin/rails:9
  [1m[35m (0.8ms)[0m  [1m[34mSELECT "schema_migrations"."version" FROM "schema_migrations" ORDER BY "schema_migrations"."version" ASC[0m
  ↳ bin/rails:9
  [1m[35m (0.3ms)[0m  [1m[35mBEGIN[0m
  [1m[36mUser Exists (0.7ms)[0m  [1m[34mSELECT  1 AS one FROM "users" WHERE "users"."email" = $1 LIMIT $2[0m  [["email", "matt@email.com"], ["LIMIT", 1]]
  [1m[36mUser Create (0.6ms)[0m  [1m[32mINSERT INTO "users" ("email", "created_at", "updated_at") VALUES ($1, $2, $3) RETURNING "id"[0m  [["email", "matt@email.com"], ["created_at", "2021-10-01 00:02:43.046312"], ["updated_at", "2021-10-01 00:02:43.046312"]]
  [1m[35m (11.8ms)[0m  [1m[35mCOMMIT[0m
  [1m[35m (0.2ms)[0m  [1m[35mBEGIN[0m
  [1m[36mUser Exists (0.6ms)[0m  [1m[34mSELECT  1 AS one FROM "users" WHERE "users"."email" = $1 LIMIT $2[0m  [["email", "matt@email.com"], ["LIMIT", 1]]
  [1m[35m (0.3ms)[0m  [1m[31mROLLBACK[0m
  [1m[35m (167.4ms)[0m  [1m[35mCREATE DATABASE "URLShortener_development" ENCODING = 'unicode'[0m
  ↳ bin/rails:9
  [1m[35m (66.1ms)[0m  [1m[35mCREATE DATABASE "URLShortener_test" ENCODING = 'unicode'[0m
  ↳ bin/rails:9
  [1m[35m (19.7ms)[0m  [1m[35mCREATE TABLE "schema_migrations" ("version" character varying NOT NULL PRIMARY KEY)[0m
  ↳ bin/rails:9
  [1m[35m (5.8ms)[0m  [1m[35mCREATE TABLE "ar_internal_metadata" ("key" character varying NOT NULL PRIMARY KEY, "value" character varying, "created_at" timestamp NOT NULL, "updated_at" timestamp NOT NULL)[0m
  ↳ bin/rails:9
  [1m[35m (6.0ms)[0m  [1m[34mSELECT pg_try_advisory_lock(4762635147840476445)[0m
  ↳ bin/rails:9
  [1m[35m (0.4ms)[0m  [1m[34mSELECT "schema_migrations"."version" FROM "schema_migrations" ORDER BY "schema_migrations"."version" ASC[0m
  ↳ bin/rails:9
Migrating to CreateUsers (20210930234559)
  [1m[35m (5.2ms)[0m  [1m[35mBEGIN[0m
  ↳ bin/rails:9
  [1m[35m (7.2ms)[0m  [1m[35mCREATE TABLE "users" ("id" bigserial primary key, "email" character varying NOT NULL, "created_at" timestamp NOT NULL, "updated_at" timestamp NOT NULL)[0m
  ↳ db/migrate/20210930234559_create_users.rb:3
  [1m[35m (0.7ms)[0m  [1m[35mCREATE  INDEX  "index_users_on_email" ON "users"  ("email")[0m
  ↳ db/migrate/20210930234559_create_users.rb:8
  [1m[36mActiveRecord::SchemaMigration Create (2.7ms)[0m  [1m[32mINSERT INTO "schema_migrations" ("version") VALUES ($1) RETURNING "version"[0m  [["version", "20210930234559"]]
  ↳ bin/rails:9
  [1m[35m (0.2ms)[0m  [1m[35mCOMMIT[0m
  ↳ bin/rails:9
Migrating to CreateShortenedUrls (20211001000756)
  [1m[35m (0.1ms)[0m  [1m[35mBEGIN[0m
  ↳ bin/rails:9
  [1m[35m (9.0ms)[0m  [1m[35mCREATE TABLE "shortened_urls" ("id" bigserial primary key, "short_url" character varying NOT NULL, "long_url" character varying NOT NULL, "user_id" integer NOT NULL, "created_at" timestamp NOT NULL, "updated_at" timestamp NOT NULL)[0m
  ↳ db/migrate/20211001000756_create_shortened_urls.rb:3
  [1m[36mActiveRecord::SchemaMigration Create (0.3ms)[0m  [1m[32mINSERT INTO "schema_migrations" ("version") VALUES ($1) RETURNING "version"[0m  [["version", "20211001000756"]]
  ↳ bin/rails:9
  [1m[35m (0.5ms)[0m  [1m[35mCOMMIT[0m
  ↳ bin/rails:9
  [1m[36mActiveRecord::InternalMetadata Load (0.5ms)[0m  [1m[34mSELECT  "ar_internal_metadata".* FROM "ar_internal_metadata" WHERE "ar_internal_metadata"."key" = $1 LIMIT $2[0m  [["key", "environment"], ["LIMIT", 1]]
  ↳ bin/rails:9
  [1m[35m (0.1ms)[0m  [1m[35mBEGIN[0m
  ↳ bin/rails:9
  [1m[36mActiveRecord::InternalMetadata Create (3.7ms)[0m  [1m[32mINSERT INTO "ar_internal_metadata" ("key", "value", "created_at", "updated_at") VALUES ($1, $2, $3, $4) RETURNING "key"[0m  [["key", "environment"], ["value", "development"], ["created_at", "2021-10-01 00:14:27.771546"], ["updated_at", "2021-10-01 00:14:27.771546"]]
  ↳ bin/rails:9
  [1m[35m (0.3ms)[0m  [1m[35mCOMMIT[0m
  ↳ bin/rails:9
  [1m[35m (0.3ms)[0m  [1m[34mSELECT pg_advisory_unlock(4762635147840476445)[0m
  ↳ bin/rails:9
  [1m[35m (3.7ms)[0m  [1m[34mSELECT "schema_migrations"."version" FROM "schema_migrations" ORDER BY "schema_migrations"."version" ASC[0m
  ↳ bin/rails:9
  [1m[35m (1.9ms)[0m  [1m[34mSELECT "schema_migrations"."version" FROM "schema_migrations" ORDER BY "schema_migrations"."version" ASC[0m
  ↳ bin/rails:9
  [1m[35m (0.4ms)[0m  [1m[35mBEGIN[0m
  [1m[36mShortenedUrl Exists (5.2ms)[0m  [1m[34mSELECT  1 AS one FROM "shortened_urls" WHERE "shortened_urls"."short_url" = $1 LIMIT $2[0m  [["short_url", "test.com"], ["LIMIT", 1]]
  [1m[36mShortenedUrl Exists (0.4ms)[0m  [1m[34mSELECT  1 AS one FROM "shortened_urls" WHERE "shortened_urls"."long_url" = $1 LIMIT $2[0m  [["long_url", "testing123.com"], ["LIMIT", 1]]
  [1m[36mShortenedUrl Exists (0.2ms)[0m  [1m[34mSELECT  1 AS one FROM "shortened_urls" WHERE "shortened_urls"."user_id" = $1 LIMIT $2[0m  [["user_id", 1], ["LIMIT", 1]]
  [1m[36mShortenedUrl Create (5.2ms)[0m  [1m[32mINSERT INTO "shortened_urls" ("short_url", "long_url", "user_id", "created_at", "updated_at") VALUES ($1, $2, $3, $4, $5) RETURNING "id"[0m  [["short_url", "test.com"], ["long_url", "testing123.com"], ["user_id", 1], ["created_at", "2021-10-01 00:22:24.914234"], ["updated_at", "2021-10-01 00:22:24.914234"]]
  [1m[35m (2.8ms)[0m  [1m[35mCOMMIT[0m
  [1m[35m (3.6ms)[0m  [1m[35mBEGIN[0m
  [1m[36mShortenedUrl Exists (0.8ms)[0m  [1m[34mSELECT  1 AS one FROM "shortened_urls" WHERE "shortened_urls"."short_url" = $1 LIMIT $2[0m  [["short_url", "st.com"], ["LIMIT", 1]]
  [1m[36mShortenedUrl Exists (0.8ms)[0m  [1m[34mSELECT  1 AS one FROM "shortened_urls" WHERE "shortened_urls"."long_url" = $1 LIMIT $2[0m  [["long_url", "teing123.com"], ["LIMIT", 1]]
  [1m[36mShortenedUrl Exists (0.9ms)[0m  [1m[34mSELECT  1 AS one FROM "shortened_urls" WHERE "shortened_urls"."user_id" = $1 LIMIT $2[0m  [["user_id", 1], ["LIMIT", 1]]
  [1m[35m (0.4ms)[0m  [1m[31mROLLBACK[0m
  [1m[35m (2.8ms)[0m  [1m[35mBEGIN[0m
  [1m[36mShortenedUrl Exists (1.2ms)[0m  [1m[34mSELECT  1 AS one FROM "shortened_urls" WHERE "shortened_urls"."short_url" = $1 LIMIT $2[0m  [["short_url", "st.com"], ["LIMIT", 1]]
  [1m[36mShortenedUrl Exists (0.6ms)[0m  [1m[34mSELECT  1 AS one FROM "shortened_urls" WHERE "shortened_urls"."long_url" = $1 LIMIT $2[0m  [["long_url", "testing123.com"], ["LIMIT", 1]]
  [1m[36mShortenedUrl Exists (0.6ms)[0m  [1m[34mSELECT  1 AS one FROM "shortened_urls" WHERE "shortened_urls"."user_id" = $1 LIMIT $2[0m  [["user_id", 31], ["LIMIT", 1]]
  [1m[35m (0.2ms)[0m  [1m[31mROLLBACK[0m
  [1m[35m (1.0ms)[0m  [1m[35mBEGIN[0m
  [1m[36mShortenedUrl Exists (3.0ms)[0m  [1m[34mSELECT  1 AS one FROM "shortened_urls" WHERE "shortened_urls"."short_url" = $1 LIMIT $2[0m  [["short_url", "test.com"], ["LIMIT", 1]]
  [1m[36mShortenedUrl Exists (0.8ms)[0m  [1m[34mSELECT  1 AS one FROM "shortened_urls" WHERE "shortened_urls"."long_url" = $1 LIMIT $2[0m  [["long_url", "sting123.com"], ["LIMIT", 1]]
  [1m[36mShortenedUrl Exists (0.3ms)[0m  [1m[34mSELECT  1 AS one FROM "shortened_urls" WHERE "shortened_urls"."user_id" = $1 LIMIT $2[0m  [["user_id", 31], ["LIMIT", 1]]
  [1m[35m (0.2ms)[0m  [1m[31mROLLBACK[0m
  [1m[36mShortenedUrl Exists (14.5ms)[0m  [1m[34mSELECT  1 AS one FROM "shortened_urls" WHERE "shortened_urls"."id" = $1 LIMIT $2[0m  [["id", 0], ["LIMIT", 1]]
  [1m[36mShortenedUrl Exists (0.7ms)[0m  [1m[34mSELECT  1 AS one FROM "shortened_urls" WHERE "shortened_urls"."id" = $1 LIMIT $2[0m  [["id", 6], ["LIMIT", 1]]
  [1m[35m (4.0ms)[0m  [1m[35mBEGIN[0m
  [1m[36mShortenedUrl Exists (8.4ms)[0m  [1m[34mSELECT  1 AS one FROM "shortened_urls" WHERE "shortened_urls"."short_url" = $1 LIMIT $2[0m  [["short_url", "6oLIGP7id9z8tGSPzpaoFw"], ["LIMIT", 1]]
  [1m[36mShortenedUrl Exists (0.5ms)[0m  [1m[34mSELECT  1 AS one FROM "shortened_urls" WHERE "shortened_urls"."long_url" = $1 LIMIT $2[0m  [["long_url", "kjafoiejf"], ["LIMIT", 1]]
  [1m[36mShortenedUrl Exists (0.2ms)[0m  [1m[34mSELECT  1 AS one FROM "shortened_urls" WHERE "shortened_urls"."user_id" = $1 LIMIT $2[0m  [["user_id", 3], ["LIMIT", 1]]
  [1m[36mShortenedUrl Create (11.9ms)[0m  [1m[32mINSERT INTO "shortened_urls" ("short_url", "long_url", "user_id", "created_at", "updated_at") VALUES ($1, $2, $3, $4, $5) RETURNING "id"[0m  [["short_url", "6oLIGP7id9z8tGSPzpaoFw"], ["long_url", "kjafoiejf"], ["user_id", 3], ["created_at", "2021-10-01 00:49:04.566939"], ["updated_at", "2021-10-01 00:49:04.566939"]]
  [1m[35m (2.3ms)[0m  [1m[35mCOMMIT[0m
  [1m[36mShortenedUrl Exists (1.7ms)[0m  [1m[34mSELECT  1 AS one FROM "shortened_urls" WHERE "shortened_urls"."id" = $1 LIMIT $2[0m  [["id", 2], ["LIMIT", 1]]
  [1m[36mShortenedUrl Exists (0.7ms)[0m  [1m[34mSELECT  1 AS one FROM "shortened_urls" WHERE "shortened_urls"."id" = $1 LIMIT $2[0m  [["id", 0], ["LIMIT", 1]]
  [1m[35m (0.3ms)[0m  [1m[35mBEGIN[0m
  [1m[36mShortenedUrl Exists (0.6ms)[0m  [1m[34mSELECT  1 AS one FROM "shortened_urls" WHERE "shortened_urls"."short_url" = $1 LIMIT $2[0m  [["short_url", "my6MVGoaiN_MTkIM0_kWbQ"], ["LIMIT", 1]]
  [1m[36mShortenedUrl Exists (0.3ms)[0m  [1m[34mSELECT  1 AS one FROM "shortened_urls" WHERE "shortened_urls"."long_url" = $1 LIMIT $2[0m  [["long_url", "kjafoiejf"], ["LIMIT", 1]]
  [1m[36mShortenedUrl Exists (2.5ms)[0m  [1m[34mSELECT  1 AS one FROM "shortened_urls" WHERE "shortened_urls"."user_id" = $1 LIMIT $2[0m  [["user_id", 3], ["LIMIT", 1]]
  [1m[35m (1.3ms)[0m  [1m[31mROLLBACK[0m
  [1m[36mShortenedUrl Exists (0.8ms)[0m  [1m[34mSELECT  1 AS one FROM "shortened_urls" WHERE "shortened_urls"."id" = $1 LIMIT $2[0m  [["id", 0], ["LIMIT", 1]]
  [1m[35m (0.2ms)[0m  [1m[35mBEGIN[0m
  [1m[36mShortenedUrl Exists (0.5ms)[0m  [1m[34mSELECT  1 AS one FROM "shortened_urls" WHERE "shortened_urls"."short_url" = $1 LIMIT $2[0m  [["short_url", "PJv5WjBliroyKdacZVSPPQ"], ["LIMIT", 1]]
  [1m[36mShortenedUrl Exists (0.6ms)[0m  [1m[34mSELECT  1 AS one FROM "shortened_urls" WHERE "shortened_urls"."long_url" = $1 LIMIT $2[0m  [["long_url", "kjafoifeafeejf"], ["LIMIT", 1]]
  [1m[36mShortenedUrl Exists (0.3ms)[0m  [1m[34mSELECT  1 AS one FROM "shortened_urls" WHERE "shortened_urls"."user_id" = $1 LIMIT $2[0m  [["user_id", 23], ["LIMIT", 1]]
  [1m[36mShortenedUrl Create (1.0ms)[0m  [1m[32mINSERT INTO "shortened_urls" ("short_url", "long_url", "user_id", "created_at", "updated_at") VALUES ($1, $2, $3, $4, $5) RETURNING "id"[0m  [["short_url", "PJv5WjBliroyKdacZVSPPQ"], ["long_url", "kjafoifeafeejf"], ["user_id", 23], ["created_at", "2021-10-01 00:49:47.114839"], ["updated_at", "2021-10-01 00:49:47.114839"]]
  [1m[35m (0.8ms)[0m  [1m[35mCOMMIT[0m
