Started GET "/" for ::1 at 2021-11-11 14:53:18 -0800

PG::ConnectionBad - could not connect to server: No such file or directory
	Is the server running locally and accepting
	connections on Unix domain socket "/var/run/postgresql/.s.PGSQL.5432"?:

Started POST "/__better_errors/24da53770b04df37/variables" for ::1 at 2021-11-11 14:53:18 -0800
Started GET "/" for ::1 at 2021-11-11 14:55:05 -0800

ActiveRecord::NoDatabaseError - FATAL:  database "TodosProject_development" does not exist:

Started POST "/__better_errors/e7e5c2e97f82a5ec/variables" for ::1 at 2021-11-11 14:55:05 -0800
  [1m[35m (535.1ms)[0m  [1m[35mCREATE DATABASE "TodosProject_development" ENCODING = 'unicode'[0m
  ↳ bin/rails:9
  [1m[35m (377.1ms)[0m  [1m[35mCREATE DATABASE "TodosProject_test" ENCODING = 'unicode'[0m
  ↳ bin/rails:9
Started GET "/" for ::1 at 2021-11-11 14:55:33 -0800
Processing by StaticPagesController#root as HTML
  Rendering static_pages/root.html.erb within layouts/application
  Rendered static_pages/root.html.erb within layouts/application (1.2ms)
Completed 200 OK in 1995ms (Views: 1993.8ms | ActiveRecord: 0.0ms)


  [1m[35m (22.9ms)[0m  [1m[35mCREATE TABLE "schema_migrations" ("version" character varying NOT NULL PRIMARY KEY)[0m
  ↳ bin/rails:9
  [1m[35m (19.0ms)[0m  [1m[35mCREATE TABLE "ar_internal_metadata" ("key" character varying NOT NULL PRIMARY KEY, "value" character varying, "created_at" timestamp NOT NULL, "updated_at" timestamp NOT NULL)[0m
  ↳ bin/rails:9
  [1m[35m (0.5ms)[0m  [1m[34mSELECT pg_try_advisory_lock(2478030144971028060)[0m
  ↳ bin/rails:9
  [1m[35m (0.5ms)[0m  [1m[34mSELECT "schema_migrations"."version" FROM "schema_migrations" ORDER BY "schema_migrations"."version" ASC[0m
  ↳ bin/rails:9
Migrating to CreateTodos (20211111225742)
  [1m[35m (0.2ms)[0m  [1m[35mBEGIN[0m
  ↳ bin/rails:9
  [1m[35m (16.2ms)[0m  [1m[35mCREATE TABLE "todos" ("id" bigserial primary key, "title" character varying NOT NULL, "body" character varying NOT NULL, "done" boolean NOT NULL, "created_at" timestamp NOT NULL, "updated_at" timestamp NOT NULL)[0m
  ↳ db/migrate/20211111225742_create_todos.rb:3
  [1m[36mActiveRecord::SchemaMigration Create (0.5ms)[0m  [1m[32mINSERT INTO "schema_migrations" ("version") VALUES ($1) RETURNING "version"[0m  [["version", "20211111225742"]]
  ↳ bin/rails:9
  [1m[35m (3.2ms)[0m  [1m[35mCOMMIT[0m
  ↳ bin/rails:9
  [1m[36mActiveRecord::InternalMetadata Load (0.6ms)[0m  [1m[34mSELECT  "ar_internal_metadata".* FROM "ar_internal_metadata" WHERE "ar_internal_metadata"."key" = $1 LIMIT $2[0m  [["key", "environment"], ["LIMIT", 1]]
  ↳ bin/rails:9
  [1m[35m (0.2ms)[0m  [1m[35mBEGIN[0m
  ↳ bin/rails:9
  [1m[36mActiveRecord::InternalMetadata Create (0.9ms)[0m  [1m[32mINSERT INTO "ar_internal_metadata" ("key", "value", "created_at", "updated_at") VALUES ($1, $2, $3, $4) RETURNING "key"[0m  [["key", "environment"], ["value", "development"], ["created_at", "2021-11-11 23:01:43.629456"], ["updated_at", "2021-11-11 23:01:43.629456"]]
  ↳ bin/rails:9
  [1m[35m (10.2ms)[0m  [1m[35mCOMMIT[0m
  ↳ bin/rails:9
  [1m[35m (0.4ms)[0m  [1m[34mSELECT pg_advisory_unlock(2478030144971028060)[0m
  ↳ bin/rails:9
  [1m[35m (0.7ms)[0m  [1m[34mSELECT "schema_migrations"."version" FROM "schema_migrations" ORDER BY "schema_migrations"."version" ASC[0m
  ↳ bin/rails:9
  [1m[35m (1.0ms)[0m  [1m[34mSELECT "schema_migrations"."version" FROM "schema_migrations" ORDER BY "schema_migrations"."version" ASC[0m
  ↳ /home/matthew/.rbenv/versions/2.5.1/bin/annotate:23
  [1m[35m (0.6ms)[0m  [1m[34mSELECT "schema_migrations"."version" FROM "schema_migrations" ORDER BY "schema_migrations"."version" ASC[0m
  ↳ bin/rails:9
  [1m[35m (0.8ms)[0m  [1m[35mBEGIN[0m
  ↳ db/seeds.rb:9
  [1m[36mTodo Create (1.3ms)[0m  [1m[32mINSERT INTO "todos" ("title", "body", "done", "created_at", "updated_at") VALUES ($1, $2, $3, $4, $5) RETURNING "id"[0m  [["title", "watch Star Wars"], ["body", "body 1"], ["done", false], ["created_at", "2021-11-11 23:07:39.965186"], ["updated_at", "2021-11-11 23:07:39.965186"]]
  ↳ db/seeds.rb:9
  [1m[35m (13.0ms)[0m  [1m[35mCOMMIT[0m
  ↳ db/seeds.rb:9
  [1m[35m (0.4ms)[0m  [1m[35mBEGIN[0m
  ↳ db/seeds.rb:9
  [1m[36mTodo Create (0.5ms)[0m  [1m[32mINSERT INTO "todos" ("title", "body", "done", "created_at", "updated_at") VALUES ($1, $2, $3, $4, $5) RETURNING "id"[0m  [["title", "watch Lord of the Rings"], ["body", "body 2"], ["done", false], ["created_at", "2021-11-11 23:07:39.985371"], ["updated_at", "2021-11-11 23:07:39.985371"]]
  ↳ db/seeds.rb:9
  [1m[35m (3.6ms)[0m  [1m[35mCOMMIT[0m
  ↳ db/seeds.rb:9
  [1m[35m (0.3ms)[0m  [1m[35mBEGIN[0m
  ↳ db/seeds.rb:9
  [1m[36mTodo Create (0.5ms)[0m  [1m[32mINSERT INTO "todos" ("title", "body", "done", "created_at", "updated_at") VALUES ($1, $2, $3, $4, $5) RETURNING "id"[0m  [["title", "watch Harry Potter"], ["body", "body 3"], ["done", false], ["created_at", "2021-11-11 23:07:39.993023"], ["updated_at", "2021-11-11 23:07:39.993023"]]
  ↳ db/seeds.rb:9
  [1m[35m (3.2ms)[0m  [1m[35mCOMMIT[0m
  ↳ db/seeds.rb:9
  [1m[36mTodo Load (0.6ms)[0m  [1m[34mSELECT "todos".* FROM "todos"[0m
Started GET "/" for ::1 at 2021-11-11 15:26:37 -0800
  [1m[35m (0.5ms)[0m  [1m[34mSELECT "schema_migrations"."version" FROM "schema_migrations" ORDER BY "schema_migrations"."version" ASC[0m
  ↳ /home/matthew/.rbenv/versions/2.5.1/lib/ruby/gems/2.5.0/gems/activerecord-5.2.6/lib/active_record/log_subscriber.rb:98
Processing by StaticPagesController#root as HTML
  Rendering static_pages/root.html.erb within layouts/application
  Rendered static_pages/root.html.erb within layouts/application (1.4ms)
Completed 200 OK in 416ms (Views: 415.2ms | ActiveRecord: 0.0ms)


Started GET "/api/todos" for ::1 at 2021-11-11 15:28:07 -0800
Processing by Api::TodosController#index as JSON
  [1m[36mTodo Load (0.8ms)[0m  [1m[34mSELECT "todos".* FROM "todos"[0m
  ↳ app/controllers/api/todos_controller.rb:5
Completed 200 OK in 29ms (Views: 18.0ms | ActiveRecord: 7.5ms)


Started PATCH "/api/todos/1" for ::1 at 2021-11-11 15:29:20 -0800
Processing by Api::TodosController#update as JSON
  Parameters: {"id"=>"1"}
  [1m[36mTodo Load (0.4ms)[0m  [1m[34mSELECT  "todos".* FROM "todos" WHERE "todos"."id" = $1 LIMIT $2[0m  [["id", 1], ["LIMIT", 1]]
  ↳ app/controllers/api/todos_controller.rb:22
Completed 400 Bad Request in 37ms (ActiveRecord: 1.1ms)



ActionController::ParameterMissing - param is missing or the value is empty: todo:
  app/controllers/api/todos_controller.rb:40:in `todo_params'
  app/controllers/api/todos_controller.rb:23:in `update'

Started PATCH "/api/todos/1" for ::1 at 2021-11-11 15:30:16 -0800
Processing by Api::TodosController#update as JSON
  Parameters: {"id"=>"1"}
  [1m[36mTodo Load (1.1ms)[0m  [1m[34mSELECT  "todos".* FROM "todos" WHERE "todos"."id" = $1 LIMIT $2[0m  [["id", 1], ["LIMIT", 1]]
  ↳ app/controllers/api/todos_controller.rb:22
Completed 400 Bad Request in 12ms (ActiveRecord: 1.1ms)



ActionController::ParameterMissing - param is missing or the value is empty: todo:
  app/controllers/api/todos_controller.rb:40:in `todo_params'
  app/controllers/api/todos_controller.rb:23:in `update'

Started PATCH "/api/todos/1" for ::1 at 2021-11-11 15:31:42 -0800
Processing by Api::TodosController#update as JSON
  Parameters: {"id"=>"1"}
  [1m[36mTodo Load (0.6ms)[0m  [1m[34mSELECT  "todos".* FROM "todos" WHERE "todos"."id" = $1 LIMIT $2[0m  [["id", 1], ["LIMIT", 1]]
  ↳ app/controllers/api/todos_controller.rb:22
Completed 400 Bad Request in 5ms (ActiveRecord: 0.6ms)



ActionController::ParameterMissing - param is missing or the value is empty: todo:
  app/controllers/api/todos_controller.rb:40:in `todo_params'
  app/controllers/api/todos_controller.rb:23:in `update'

Started DELETE "/api/todos/1" for ::1 at 2021-11-11 15:32:20 -0800
Processing by Api::TodosController#destroy as JSON
  Parameters: {"id"=>"1"}
  [1m[36mTodo Load (0.5ms)[0m  [1m[34mSELECT  "todos".* FROM "todos" WHERE "todos"."id" = $1 LIMIT $2[0m  [["id", 1], ["LIMIT", 1]]
  ↳ app/controllers/api/todos_controller.rb:31
  [1m[35m (0.4ms)[0m  [1m[35mBEGIN[0m
  ↳ app/controllers/api/todos_controller.rb:32
  [1m[36mTodo Destroy (1.0ms)[0m  [1m[31mDELETE FROM "todos" WHERE "todos"."id" = $1[0m  [["id", 1]]
  ↳ app/controllers/api/todos_controller.rb:32
  [1m[35m (4.7ms)[0m  [1m[35mCOMMIT[0m
  ↳ app/controllers/api/todos_controller.rb:32
Completed 200 OK in 13ms (Views: 0.7ms | ActiveRecord: 6.6ms)


Started GET "/api/todos" for ::1 at 2021-11-11 15:32:27 -0800
Processing by Api::TodosController#index as JSON
  [1m[36mTodo Load (0.7ms)[0m  [1m[34mSELECT "todos".* FROM "todos"[0m
  ↳ app/controllers/api/todos_controller.rb:5
Completed 200 OK in 4ms (Views: 2.8ms | ActiveRecord: 0.7ms)


Started PATCH "/api/todos/1" for ::1 at 2021-11-11 15:34:13 -0800
Processing by Api::TodosController#update as JSON
  Parameters: {"id"=>"1"}
  [1m[36mTodo Load (0.8ms)[0m  [1m[34mSELECT  "todos".* FROM "todos" WHERE "todos"."id" = $1 LIMIT $2[0m  [["id", 1], ["LIMIT", 1]]
  ↳ app/controllers/api/todos_controller.rb:22
Completed 404 Not Found in 8ms (ActiveRecord: 0.8ms)



ActiveRecord::RecordNotFound - Couldn't find Todo with 'id'=1:
  app/controllers/api/todos_controller.rb:22:in `update'

Started GET "/" for ::1 at 2021-11-11 15:34:29 -0800
Processing by StaticPagesController#root as HTML
  Rendering static_pages/root.html.erb within layouts/application
  Rendered static_pages/root.html.erb within layouts/application (0.6ms)
Completed 200 OK in 169ms (Views: 167.7ms | ActiveRecord: 0.0ms)


Started GET "/" for ::1 at 2021-11-11 15:34:39 -0800
Processing by StaticPagesController#root as HTML
  Rendering static_pages/root.html.erb within layouts/application
  Rendered static_pages/root.html.erb within layouts/application (0.5ms)
Completed 200 OK in 92ms (Views: 91.5ms | ActiveRecord: 0.0ms)


Started GET "/api/todos" for ::1 at 2021-11-11 15:34:55 -0800
Processing by Api::TodosController#index as JSON
  [1m[36mTodo Load (1.4ms)[0m  [1m[34mSELECT "todos".* FROM "todos"[0m
  ↳ app/controllers/api/todos_controller.rb:5
Completed 200 OK in 10ms (Views: 8.0ms | ActiveRecord: 1.4ms)


Started GET "/" for ::1 at 2021-11-11 15:34:58 -0800
Processing by StaticPagesController#root as HTML
  Rendering static_pages/root.html.erb within layouts/application
  Rendered static_pages/root.html.erb within layouts/application (2.2ms)
Completed 200 OK in 149ms (Views: 149.0ms | ActiveRecord: 0.0ms)


  [1m[35m (0.8ms)[0m  [1m[34mSELECT "schema_migrations"."version" FROM "schema_migrations" ORDER BY "schema_migrations"."version" ASC[0m
  ↳ bin/rails:9
  [1m[35m (0.3ms)[0m  [1m[35mBEGIN[0m
  ↳ db/seeds.rb:9
  [1m[36mTodo Create (0.8ms)[0m  [1m[32mINSERT INTO "todos" ("title", "body", "done", "created_at", "updated_at") VALUES ($1, $2, $3, $4, $5) RETURNING "id"[0m  [["title", "watch Star Wars"], ["body", "body 1"], ["done", false], ["created_at", "2021-11-11 23:35:10.469633"], ["updated_at", "2021-11-11 23:35:10.469633"]]
  ↳ db/seeds.rb:9
  [1m[35m (3.9ms)[0m  [1m[35mCOMMIT[0m
  ↳ db/seeds.rb:9
  [1m[35m (0.3ms)[0m  [1m[35mBEGIN[0m
  ↳ db/seeds.rb:9
  [1m[36mTodo Create (0.6ms)[0m  [1m[32mINSERT INTO "todos" ("title", "body", "done", "created_at", "updated_at") VALUES ($1, $2, $3, $4, $5) RETURNING "id"[0m  [["title", "watch Lord of the Rings"], ["body", "body 2"], ["done", false], ["created_at", "2021-11-11 23:35:10.477859"], ["updated_at", "2021-11-11 23:35:10.477859"]]
  ↳ db/seeds.rb:9
  [1m[35m (3.2ms)[0m  [1m[35mCOMMIT[0m
  ↳ db/seeds.rb:9
  [1m[35m (0.2ms)[0m  [1m[35mBEGIN[0m
  ↳ db/seeds.rb:9
  [1m[36mTodo Create (0.5ms)[0m  [1m[32mINSERT INTO "todos" ("title", "body", "done", "created_at", "updated_at") VALUES ($1, $2, $3, $4, $5) RETURNING "id"[0m  [["title", "watch Harry Potter"], ["body", "body 3"], ["done", false], ["created_at", "2021-11-11 23:35:10.485130"], ["updated_at", "2021-11-11 23:35:10.485130"]]
  ↳ db/seeds.rb:9
  [1m[35m (3.1ms)[0m  [1m[35mCOMMIT[0m
  ↳ db/seeds.rb:9
Started GET "/api/todos" for ::1 at 2021-11-11 15:35:14 -0800
Processing by Api::TodosController#index as JSON
  [1m[36mTodo Load (0.7ms)[0m  [1m[34mSELECT "todos".* FROM "todos"[0m
  ↳ app/controllers/api/todos_controller.rb:5
Completed 200 OK in 10ms (Views: 7.7ms | ActiveRecord: 0.7ms)


Started PATCH "/api/todos/2" for ::1 at 2021-11-11 15:35:34 -0800
Processing by Api::TodosController#update as JSON
  Parameters: {"id"=>"2"}
  [1m[36mTodo Load (1.2ms)[0m  [1m[34mSELECT  "todos".* FROM "todos" WHERE "todos"."id" = $1 LIMIT $2[0m  [["id", 2], ["LIMIT", 1]]
  ↳ app/controllers/api/todos_controller.rb:22
Completed 400 Bad Request in 11ms (ActiveRecord: 1.2ms)



ActionController::ParameterMissing - param is missing or the value is empty: todo:
  app/controllers/api/todos_controller.rb:40:in `todo_params'
  app/controllers/api/todos_controller.rb:23:in `update'

Started GET "/" for ::1 at 2021-11-11 16:09:31 -0800
Processing by StaticPagesController#root as HTML
  Rendering static_pages/root.html.erb within layouts/application
  Rendered static_pages/root.html.erb within layouts/application (2.7ms)
Completed 200 OK in 526ms (Views: 523.5ms | ActiveRecord: 0.0ms)


Started GET "/api/todos" for ::1 at 2021-11-11 16:09:49 -0800
Processing by Api::TodosController#index as JSON
  [1m[36mTodo Load (1.3ms)[0m  [1m[34mSELECT "todos".* FROM "todos"[0m
  ↳ app/controllers/api/todos_controller.rb:5
Completed 200 OK in 18ms (Views: 13.1ms | ActiveRecord: 1.3ms)


Started GET "/api/todos" for ::1 at 2021-11-11 16:10:53 -0800
Processing by Api::TodosController#index as JSON
  [1m[36mTodo Load (0.5ms)[0m  [1m[34mSELECT "todos".* FROM "todos"[0m
  ↳ app/controllers/api/todos_controller.rb:5
Completed 200 OK in 12ms (Views: 9.6ms | ActiveRecord: 0.5ms)


Started GET "/api/todos" for ::1 at 2021-11-11 16:11:07 -0800
Processing by Api::TodosController#index as JSON
  [1m[36mTodo Load (0.5ms)[0m  [1m[34mSELECT "todos".* FROM "todos"[0m
  ↳ app/controllers/api/todos_controller.rb:5
Completed 200 OK in 7ms (Views: 6.4ms | ActiveRecord: 0.5ms)


Started GET "/" for ::1 at 2021-11-11 16:20:51 -0800
Processing by StaticPagesController#root as HTML
  Rendering static_pages/root.html.erb within layouts/application
  Rendered static_pages/root.html.erb within layouts/application (9.0ms)
Completed 200 OK in 835ms (Views: 833.3ms | ActiveRecord: 0.0ms)


Started GET "/" for ::1 at 2021-11-11 16:28:00 -0800
Processing by StaticPagesController#root as HTML
  Rendering static_pages/root.html.erb within layouts/application
  Rendered static_pages/root.html.erb within layouts/application (0.6ms)
Completed 200 OK in 642ms (Views: 641.0ms | ActiveRecord: 0.0ms)


Started GET "/api/todos" for ::1 at 2021-11-11 16:28:09 -0800
Processing by Api::TodosController#index as JSON
  [1m[36mTodo Load (2.0ms)[0m  [1m[34mSELECT "todos".* FROM "todos"[0m
  ↳ app/controllers/api/todos_controller.rb:5
Completed 200 OK in 12ms (Views: 9.0ms | ActiveRecord: 2.0ms)


Started GET "/" for ::1 at 2021-11-11 16:29:09 -0800
Processing by StaticPagesController#root as HTML
  Rendering static_pages/root.html.erb within layouts/application
  Rendered static_pages/root.html.erb within layouts/application (0.4ms)
Completed 200 OK in 585ms (Views: 584.4ms | ActiveRecord: 0.0ms)


Started GET "/api/todos" for ::1 at 2021-11-11 16:29:13 -0800
Processing by Api::TodosController#index as JSON
  [1m[36mTodo Load (0.4ms)[0m  [1m[34mSELECT "todos".* FROM "todos"[0m
  ↳ app/controllers/api/todos_controller.rb:5
Completed 200 OK in 3ms (Views: 2.3ms | ActiveRecord: 0.4ms)


Started GET "/" for ::1 at 2021-11-11 16:29:35 -0800
Processing by StaticPagesController#root as HTML
  Rendering static_pages/root.html.erb within layouts/application
  Rendered static_pages/root.html.erb within layouts/application (0.4ms)
Completed 200 OK in 121ms (Views: 120.7ms | ActiveRecord: 0.0ms)


Started GET "/api/todos" for ::1 at 2021-11-11 16:29:38 -0800
Processing by Api::TodosController#index as JSON
  [1m[36mTodo Load (0.5ms)[0m  [1m[34mSELECT "todos".* FROM "todos"[0m
  ↳ app/controllers/api/todos_controller.rb:5
Completed 200 OK in 3ms (Views: 2.5ms | ActiveRecord: 0.5ms)


Started GET "/" for ::1 at 2021-11-11 16:29:47 -0800
Processing by StaticPagesController#root as HTML
  Rendering static_pages/root.html.erb within layouts/application
  Rendered static_pages/root.html.erb within layouts/application (0.9ms)
Completed 200 OK in 71ms (Views: 70.6ms | ActiveRecord: 0.0ms)


Started GET "/api/todos" for ::1 at 2021-11-11 16:29:50 -0800
Processing by Api::TodosController#index as JSON
  [1m[36mTodo Load (0.5ms)[0m  [1m[34mSELECT "todos".* FROM "todos"[0m
  ↳ app/controllers/api/todos_controller.rb:5
Completed 200 OK in 3ms (Views: 2.0ms | ActiveRecord: 0.5ms)


Started GET "/" for ::1 at 2021-11-11 16:51:06 -0800
Processing by StaticPagesController#root as HTML
  Rendering static_pages/root.html.erb within layouts/application
  Rendered static_pages/root.html.erb within layouts/application (5.1ms)
Completed 200 OK in 583ms (Views: 579.5ms | ActiveRecord: 0.0ms)


Started GET "/" for ::1 at 2021-11-11 16:51:58 -0800
Processing by StaticPagesController#root as HTML
  Rendering static_pages/root.html.erb within layouts/application
  Rendered static_pages/root.html.erb within layouts/application (2.5ms)
Completed 200 OK in 663ms (Views: 662.2ms | ActiveRecord: 0.0ms)


Started GET "/" for ::1 at 2021-11-11 16:52:53 -0800
Processing by StaticPagesController#root as HTML
  Rendering static_pages/root.html.erb within layouts/application
  Rendered static_pages/root.html.erb within layouts/application (4.1ms)
Completed 200 OK in 546ms (Views: 543.8ms | ActiveRecord: 0.0ms)


Started GET "/" for ::1 at 2021-11-11 16:54:57 -0800
Processing by StaticPagesController#root as HTML
  Rendering static_pages/root.html.erb within layouts/application
  Rendered static_pages/root.html.erb within layouts/application (3.8ms)
Completed 200 OK in 564ms (Views: 563.6ms | ActiveRecord: 0.0ms)


Started GET "/" for ::1 at 2021-11-11 16:58:22 -0800
Processing by StaticPagesController#root as HTML
  Rendering static_pages/root.html.erb within layouts/application
  Rendered static_pages/root.html.erb within layouts/application (1.2ms)
Completed 200 OK in 595ms (Views: 594.9ms | ActiveRecord: 0.0ms)


Started GET "/" for ::1 at 2021-11-11 16:58:26 -0800
Processing by StaticPagesController#root as HTML
  Rendering static_pages/root.html.erb within layouts/application
  Rendered static_pages/root.html.erb within layouts/application (2.0ms)
Completed 200 OK in 112ms (Views: 111.6ms | ActiveRecord: 0.0ms)


Started GET "/" for ::1 at 2021-11-11 16:58:58 -0800
Processing by StaticPagesController#root as HTML
  Rendering static_pages/root.html.erb within layouts/application
  Rendered static_pages/root.html.erb within layouts/application (2.9ms)
Completed 200 OK in 671ms (Views: 670.7ms | ActiveRecord: 0.0ms)


