  [1m[35m (376.0ms)[0m  [1m[35mCREATE DATABASE "MusicApp_development" ENCODING = 'unicode'[0m
  ↳ bin/rails:9
  [1m[35m (322.3ms)[0m  [1m[35mCREATE DATABASE "MusicApp_test" ENCODING = 'unicode'[0m
  ↳ bin/rails:9
  [1m[35m (8.3ms)[0m  [1m[35mCREATE TABLE "schema_migrations" ("version" character varying NOT NULL PRIMARY KEY)[0m
  ↳ bin/rails:9
  [1m[35m (6.4ms)[0m  [1m[35mCREATE TABLE "ar_internal_metadata" ("key" character varying NOT NULL PRIMARY KEY, "value" character varying, "created_at" timestamp NOT NULL, "updated_at" timestamp NOT NULL)[0m
  ↳ bin/rails:9
  [1m[35m (0.3ms)[0m  [1m[34mSELECT pg_try_advisory_lock(1555902080779534005)[0m
  ↳ bin/rails:9
  [1m[35m (0.3ms)[0m  [1m[34mSELECT "schema_migrations"."version" FROM "schema_migrations" ORDER BY "schema_migrations"."version" ASC[0m
  ↳ bin/rails:9
Migrating to CreateUsers (20211012182028)
  [1m[35m (0.2ms)[0m  [1m[35mBEGIN[0m
  ↳ bin/rails:9
  [1m[35m (6.6ms)[0m  [1m[35mCREATE TABLE "users" ("id" bigserial primary key, "email" character varying NOT NULL, "password_digest" character varying NOT NULL, "session_token" character varying NOT NULL, "created_at" timestamp NOT NULL, "updated_at" timestamp NOT NULL)[0m
  ↳ db/migrate/20211012182028_create_users.rb:3
  [1m[35m (2.7ms)[0m  [1m[35mCREATE UNIQUE INDEX  "index_users_on_email" ON "users"  ("email")[0m
  ↳ db/migrate/20211012182028_create_users.rb:9
  [1m[35m (2.7ms)[0m  [1m[35mCREATE UNIQUE INDEX  "index_users_on_session_token" ON "users"  ("session_token")[0m
  ↳ db/migrate/20211012182028_create_users.rb:10
  [1m[36mActiveRecord::SchemaMigration Create (0.4ms)[0m  [1m[32mINSERT INTO "schema_migrations" ("version") VALUES ($1) RETURNING "version"[0m  [["version", "20211012182028"]]
  ↳ bin/rails:9
  [1m[35m (1.3ms)[0m  [1m[35mCOMMIT[0m
  ↳ bin/rails:9
  [1m[36mActiveRecord::InternalMetadata Load (0.6ms)[0m  [1m[34mSELECT  "ar_internal_metadata".* FROM "ar_internal_metadata" WHERE "ar_internal_metadata"."key" = $1 LIMIT $2[0m  [["key", "environment"], ["LIMIT", 1]]
  ↳ bin/rails:9
  [1m[35m (1.0ms)[0m  [1m[35mBEGIN[0m
  ↳ bin/rails:9
  [1m[36mActiveRecord::InternalMetadata Create (0.3ms)[0m  [1m[32mINSERT INTO "ar_internal_metadata" ("key", "value", "created_at", "updated_at") VALUES ($1, $2, $3, $4) RETURNING "key"[0m  [["key", "environment"], ["value", "development"], ["created_at", "2021-10-12 18:23:58.141353"], ["updated_at", "2021-10-12 18:23:58.141353"]]
  ↳ bin/rails:9
  [1m[35m (1.5ms)[0m  [1m[35mCOMMIT[0m
  ↳ bin/rails:9
  [1m[35m (0.3ms)[0m  [1m[34mSELECT pg_advisory_unlock(1555902080779534005)[0m
  ↳ bin/rails:9
  [1m[35m (0.3ms)[0m  [1m[34mSELECT "schema_migrations"."version" FROM "schema_migrations" ORDER BY "schema_migrations"."version" ASC[0m
  ↳ bin/rails:9
  [1m[35m (0.3ms)[0m  [1m[34mSELECT "schema_migrations"."version" FROM "schema_migrations" ORDER BY "schema_migrations"."version" ASC[0m
  ↳ /home/matthew/.rbenv/versions/2.5.1/bin/annotate:23
Started GET "/users" for ::1 at 2021-10-12 15:09:09 -0700
  [1m[35m (0.3ms)[0m  [1m[34mSELECT "schema_migrations"."version" FROM "schema_migrations" ORDER BY "schema_migrations"."version" ASC[0m
  ↳ /home/matthew/.rbenv/versions/2.5.1/lib/ruby/gems/2.5.0/gems/activerecord-5.2.6/lib/active_record/log_subscriber.rb:98

AbstractController::ActionNotFound - The action 'index' could not be found for UsersController:

Started POST "/__better_errors/ca0661ea9fbcd2bd/variables" for ::1 at 2021-10-12 15:09:10 -0700
Started GET "/users/new" for ::1 at 2021-10-12 15:09:28 -0700
Processing by UsersController#new as HTML
  Rendering users/new.html.erb within layouts/application
  Rendered users/new.html.erb within layouts/application (234.6ms)
Completed 500 Internal Server Error in 439ms (ActiveRecord: 2.5ms)



NameError - undefined local variable or method `new' for #<#<Class:0x00007ffb3cbf6e10>:0x00007ffb3cbde478>:
  app/views/users/new.html.erb:1:in `_app_views_users_new_html_erb___3189826225316871645_70358516320760'
  app/controllers/users_controller.rb:6:in `new'

Started POST "/__better_errors/f722a0b96d76972b/variables" for ::1 at 2021-10-12 15:09:29 -0700
Started GET "/users/new" for ::1 at 2021-10-12 15:10:38 -0700
Processing by UsersController#new as HTML
  Rendering users/new.html.erb within layouts/application
  Rendered users/new.html.erb within layouts/application (301.7ms)
Completed 500 Internal Server Error in 430ms (ActiveRecord: 0.0ms)



NameError - undefined local variable or method `user' for #<#<Class:0x00007ffb3cbf6e10>:0x00005601ec2c38e8>
Did you mean?  @user:
  app/views/users/new.html.erb:1:in `_app_views_users_new_html_erb___3189826225316871645_47283128632340'
  app/controllers/users_controller.rb:6:in `new'

Started POST "/__better_errors/da85a05166b9dbdc/variables" for ::1 at 2021-10-12 15:10:38 -0700
Started GET "/users/new" for ::1 at 2021-10-12 15:23:04 -0700
  [1m[35m (0.8ms)[0m  [1m[34mSELECT "schema_migrations"."version" FROM "schema_migrations" ORDER BY "schema_migrations"."version" ASC[0m
  ↳ /home/matthew/.rbenv/versions/2.5.1/lib/ruby/gems/2.5.0/gems/activerecord-5.2.6/lib/active_record/log_subscriber.rb:98
Processing by UsersController#new as HTML
  Rendering users/new.html.erb within layouts/application
  Rendered users/new.html.erb within layouts/application (229.9ms)
Completed 500 Internal Server Error in 412ms (ActiveRecord: 2.5ms)



NameError - undefined local variable or method `user' for #<#<Class:0x000055c3a304eae0>:0x000055c3a300d0e0>
Did you mean?  @user:
  app/views/users/new.html.erb:7:in `_app_views_users_new_html_erb__1258415555267627903_47149370699380'
  app/controllers/users_controller.rb:6:in `new'

Started POST "/__better_errors/3e568ebddf4bfd9c/variables" for ::1 at 2021-10-12 15:23:05 -0700
Started POST "/__better_errors/3e568ebddf4bfd9c/variables" for ::1 at 2021-10-12 15:23:08 -0700
Started GET "/users/new" for ::1 at 2021-10-12 15:24:04 -0700
Processing by UsersController#new as HTML
  Rendering users/new.html.erb within layouts/application
  Rendered users/new.html.erb within layouts/application (0.5ms)
  [1m[36mUser Load (0.3ms)[0m  [1m[34mSELECT  "users".* FROM "users" WHERE "users"."session_token" IS NULL LIMIT $1[0m  [["LIMIT", 1]]
  ↳ app/controllers/application_controller.rb:11
Completed 200 OK in 1943ms (Views: 1941.8ms | ActiveRecord: 0.6ms)


Started POST "/users" for ::1 at 2021-10-12 15:24:16 -0700
Processing by UsersController#create as HTML
  Parameters: {"@user"=>{"email"=>"test@email.com", "password"=>"[FILTERED]"}}
Completed 400 Bad Request in 1ms (ActiveRecord: 0.0ms)



ActionController::ParameterMissing - param is missing or the value is empty: user:
  app/controllers/users_controller.rb:21:in `user_params'
  app/controllers/users_controller.rb:10:in `create'

Started POST "/__better_errors/dbae768ff6710548/variables" for ::1 at 2021-10-12 15:24:16 -0700
Started POST "/users" for ::1 at 2021-10-12 15:26:01 -0700
Processing by UsersController#create as HTML
  Parameters: {"@user"=>{"email"=>"test@email.com", "password"=>"[FILTERED]"}}
Completed 400 Bad Request in 1ms (ActiveRecord: 0.0ms)



ActionController::ParameterMissing - param is missing or the value is empty: user:
  app/controllers/users_controller.rb:21:in `user_params'
  app/controllers/users_controller.rb:10:in `create'

Started POST "/__better_errors/6b74858a33ffcb1d/variables" for ::1 at 2021-10-12 15:26:01 -0700
Started POST "/users" for ::1 at 2021-10-12 15:26:29 -0700
Processing by UsersController#create as HTML
  Parameters: {"@user"=>{"email"=>"test@email.com", "password"=>"[FILTERED]"}}
Completed 400 Bad Request in 1ms (ActiveRecord: 0.0ms)



ActionController::ParameterMissing - param is missing or the value is empty: user:
  app/controllers/users_controller.rb:21:in `user_params'
  app/controllers/users_controller.rb:10:in `create'

Started POST "/__better_errors/0804535b06651bc1/variables" for ::1 at 2021-10-12 15:26:29 -0700
Started GET "/users/new" for ::1 at 2021-10-12 15:32:42 -0700
  [1m[35m (0.4ms)[0m  [1m[34mSELECT "schema_migrations"."version" FROM "schema_migrations" ORDER BY "schema_migrations"."version" ASC[0m
  ↳ /home/matthew/.rbenv/versions/2.5.1/lib/ruby/gems/2.5.0/gems/activerecord-5.2.6/lib/active_record/log_subscriber.rb:98
Processing by UsersController#new as HTML
  Rendering users/new.html.erb within layouts/application
  Rendered users/new.html.erb within layouts/application (0.7ms)
  [1m[36mUser Load (0.2ms)[0m  [1m[34mSELECT  "users".* FROM "users" WHERE "users"."session_token" IS NULL LIMIT $1[0m  [["LIMIT", 1]]
  ↳ app/controllers/application_controller.rb:11
Completed 200 OK in 989ms (Views: 932.5ms | ActiveRecord: 2.7ms)


Started POST "/users" for ::1 at 2021-10-12 15:32:54 -0700
Processing by UsersController#create as HTML
  Parameters: {"@user"=>{"email"=>"test@email.com", "password"=>"[FILTERED]"}}
Completed 400 Bad Request in 1ms (ActiveRecord: 0.0ms)



ActionController::ParameterMissing - param is missing or the value is empty: user:
  app/controllers/users_controller.rb:21:in `user_params'
  app/controllers/users_controller.rb:10:in `create'

Started POST "/__better_errors/f8cf31d576ad70bd/variables" for ::1 at 2021-10-12 15:32:54 -0700
Started POST "/__better_errors/f8cf31d576ad70bd/variables" for ::1 at 2021-10-12 15:33:10 -0700
Started GET "/users/new" for ::1 at 2021-10-12 16:06:29 -0700
  [1m[35m (0.4ms)[0m  [1m[34mSELECT "schema_migrations"."version" FROM "schema_migrations" ORDER BY "schema_migrations"."version" ASC[0m
  ↳ /home/matthew/.rbenv/versions/2.5.1/lib/ruby/gems/2.5.0/gems/activerecord-5.2.6/lib/active_record/log_subscriber.rb:98
Processing by UsersController#new as HTML
  Rendering users/new.html.erb within layouts/application
  Rendered users/new.html.erb within layouts/application (0.9ms)
  [1m[36mUser Load (0.3ms)[0m  [1m[34mSELECT  "users".* FROM "users" WHERE "users"."session_token" IS NULL LIMIT $1[0m  [["LIMIT", 1]]
  ↳ app/controllers/application_controller.rb:11
Completed 200 OK in 1212ms (Views: 1139.8ms | ActiveRecord: 2.7ms)


Started POST "/users" for ::1 at 2021-10-12 16:06:36 -0700
Processing by UsersController#create as HTML
  Parameters: {"@user"=>{"email"=>"test@email.com", "password"=>"[FILTERED]"}}
Completed 400 Bad Request in 1ms (ActiveRecord: 0.0ms)



ActionController::ParameterMissing - param is missing or the value is empty: user:
  app/controllers/users_controller.rb:21:in `user_params'
  app/controllers/users_controller.rb:10:in `create'

Started POST "/__better_errors/cb25ed4961fd5e89/variables" for ::1 at 2021-10-12 16:06:36 -0700
Started GET "/users/new" for ::1 at 2021-10-12 16:08:34 -0700
Processing by UsersController#new as HTML
  Rendering users/new.html.erb within layouts/application
  Rendered users/new.html.erb within layouts/application (325.6ms)
Completed 500 Internal Server Error in 479ms (ActiveRecord: 0.0ms)



NameError - undefined local variable or method `user' for #<#<Class:0x000055c542522b98>:0x00007f51149988f8>
Did you mean?  @user:
  app/views/users/new.html.erb:7:in `_app_views_users_new_html_erb___3446455903481702882_69993035242280'
  app/controllers/users_controller.rb:6:in `new'

Started POST "/__better_errors/d5e8e0dd9ff8e4a9/variables" for ::1 at 2021-10-12 16:08:35 -0700
Started GET "/users/new" for ::1 at 2021-10-12 16:09:17 -0700
Processing by UsersController#new as HTML
  Rendering users/new.html.erb within layouts/application
  Rendered users/new.html.erb within layouts/application (0.5ms)
  [1m[36mUser Load (0.2ms)[0m  [1m[34mSELECT  "users".* FROM "users" WHERE "users"."session_token" IS NULL LIMIT $1[0m  [["LIMIT", 1]]
  ↳ app/controllers/application_controller.rb:11
Completed 200 OK in 433ms (Views: 432.0ms | ActiveRecord: 0.2ms)


Started POST "/users" for ::1 at 2021-10-12 16:09:29 -0700
Processing by UsersController#create as HTML
  Parameters: {"user"=>{"email"=>"test@email.com", "password"=>"[FILTERED]"}}
  [1m[35m (0.3ms)[0m  [1m[35mBEGIN[0m
  ↳ app/controllers/users_controller.rb:11
  [1m[36mUser Exists (0.5ms)[0m  [1m[34mSELECT  1 AS one FROM "users" WHERE "users"."email" = $1 LIMIT $2[0m  [["email", "test@email.com"], ["LIMIT", 1]]
  ↳ app/controllers/users_controller.rb:11
  [1m[35m (0.3ms)[0m  [1m[31mROLLBACK[0m
  ↳ app/controllers/users_controller.rb:11
Completed 500 Internal Server Error in 224ms (ActiveRecord: 1.1ms)



NoMethodError - undefined method `password' for #<User:0x00007f5110b6b9b8>
Did you mean?  password=:
  app/controllers/users_controller.rb:11:in `create'

Started POST "/__better_errors/68c95c0e80d0a278/variables" for ::1 at 2021-10-12 16:09:29 -0700
Started GET "/users/new" for ::1 at 2021-10-12 16:11:09 -0700
Processing by UsersController#new as HTML
  Rendering users/new.html.erb within layouts/application
  Rendered users/new.html.erb within layouts/application (0.6ms)
  [1m[36mUser Load (0.3ms)[0m  [1m[34mSELECT  "users".* FROM "users" WHERE "users"."session_token" IS NULL LIMIT $1[0m  [["LIMIT", 1]]
  ↳ app/controllers/application_controller.rb:11
Completed 200 OK in 379ms (Views: 377.7ms | ActiveRecord: 0.3ms)


Started POST "/users" for ::1 at 2021-10-12 16:11:14 -0700
Processing by UsersController#create as HTML
  Parameters: {"user"=>{"email"=>"test@email.com", "password"=>"[FILTERED]"}}
  [1m[35m (0.3ms)[0m  [1m[35mBEGIN[0m
  ↳ app/controllers/users_controller.rb:11
  [1m[36mUser Exists (0.4ms)[0m  [1m[34mSELECT  1 AS one FROM "users" WHERE "users"."email" = $1 LIMIT $2[0m  [["email", "test@email.com"], ["LIMIT", 1]]
  ↳ app/controllers/users_controller.rb:11
  [1m[35m (0.3ms)[0m  [1m[31mROLLBACK[0m
  ↳ app/controllers/users_controller.rb:11
Completed 500 Internal Server Error in 213ms (ActiveRecord: 1.0ms)



NoMethodError - undefined method `password' for #<User:0x00007f510c13d328>
Did you mean?  password=:
  app/controllers/users_controller.rb:11:in `create'

Started POST "/__better_errors/015c73d538f27d91/variables" for ::1 at 2021-10-12 16:11:14 -0700
Started GET "/users/new" for ::1 at 2021-10-12 16:12:07 -0700
  [1m[35m (0.7ms)[0m  [1m[34mSELECT "schema_migrations"."version" FROM "schema_migrations" ORDER BY "schema_migrations"."version" ASC[0m
  ↳ /home/matthew/.rbenv/versions/2.5.1/lib/ruby/gems/2.5.0/gems/activerecord-5.2.6/lib/active_record/log_subscriber.rb:98
Processing by UsersController#new as HTML
  Rendering users/new.html.erb within layouts/application
  Rendered users/new.html.erb within layouts/application (0.8ms)
  [1m[36mUser Load (0.3ms)[0m  [1m[34mSELECT  "users".* FROM "users" WHERE "users"."session_token" IS NULL LIMIT $1[0m  [["LIMIT", 1]]
  ↳ app/controllers/application_controller.rb:11
Completed 200 OK in 1075ms (Views: 998.9ms | ActiveRecord: 3.5ms)


Started POST "/users" for ::1 at 2021-10-12 16:12:13 -0700
Processing by UsersController#create as HTML
  Parameters: {"user"=>{"email"=>"test@email.com", "password"=>"[FILTERED]"}}
  [1m[35m (0.2ms)[0m  [1m[35mBEGIN[0m
  ↳ app/controllers/users_controller.rb:11
  [1m[36mUser Exists (0.5ms)[0m  [1m[34mSELECT  1 AS one FROM "users" WHERE "users"."email" = $1 LIMIT $2[0m  [["email", "test@email.com"], ["LIMIT", 1]]
  ↳ app/controllers/users_controller.rb:11
  [1m[36mUser Create (0.6ms)[0m  [1m[32mINSERT INTO "users" ("email", "password_digest", "session_token", "created_at", "updated_at") VALUES ($1, $2, $3, $4, $5) RETURNING "id"[0m  [["email", "test@email.com"], ["password_digest", "$2a$12$XXewUl7Qjppctsx2ix/9nefIBqFwwBHAgeL42JfZM/a3HslLMG.pi"], ["session_token", "GZX3ERie1Z886njCEstlhg"], ["created_at", "2021-10-12 23:12:13.413923"], ["updated_at", "2021-10-12 23:12:13.413923"]]
  ↳ app/controllers/users_controller.rb:11
  [1m[35m (1.7ms)[0m  [1m[35mCOMMIT[0m
  ↳ app/controllers/users_controller.rb:11
  [1m[35m (0.2ms)[0m  [1m[35mBEGIN[0m
  ↳ app/models/user.rb:39
  [1m[36mUser Exists (0.4ms)[0m  [1m[34mSELECT  1 AS one FROM "users" WHERE "users"."email" = $1 AND "users"."id" != $2 LIMIT $3[0m  [["email", "test@email.com"], ["id", 1], ["LIMIT", 1]]
  ↳ app/models/user.rb:39
  [1m[36mUser Update (0.3ms)[0m  [1m[33mUPDATE "users" SET "session_token" = $1, "updated_at" = $2 WHERE "users"."id" = $3[0m  [["session_token", "Hyoq6-W1r5UIpghk7tHITg"], ["updated_at", "2021-10-12 23:12:13.421318"], ["id", 1]]
  ↳ app/models/user.rb:39
  [1m[35m (1.4ms)[0m  [1m[35mCOMMIT[0m
  ↳ app/models/user.rb:39
Redirected to http://localhost:8000/users/1
Completed 302 Found in 220ms (ActiveRecord: 5.5ms)


Started GET "/users/1" for ::1 at 2021-10-12 16:12:13 -0700

AbstractController::ActionNotFound - The action 'show' could not be found for UsersController:

Started POST "/__better_errors/0b55a5925b616bad/variables" for ::1 at 2021-10-12 16:12:14 -0700
Started GET "/users/new" for ::1 at 2021-10-12 16:15:54 -0700
  [1m[35m (0.4ms)[0m  [1m[34mSELECT "schema_migrations"."version" FROM "schema_migrations" ORDER BY "schema_migrations"."version" ASC[0m
  ↳ /home/matthew/.rbenv/versions/2.5.1/lib/ruby/gems/2.5.0/gems/activerecord-5.2.6/lib/active_record/log_subscriber.rb:98
Processing by UsersController#new as HTML
  Rendering users/new.html.erb within layouts/application
  Rendered users/new.html.erb within layouts/application (0.8ms)
  [1m[36mUser Load (0.3ms)[0m  [1m[34mSELECT  "users".* FROM "users" WHERE "users"."session_token" = $1 LIMIT $2[0m  [["session_token", "Hyoq6-W1r5UIpghk7tHITg"], ["LIMIT", 1]]
  ↳ app/controllers/application_controller.rb:11
Completed 200 OK in 988ms (Views: 931.3ms | ActiveRecord: 3.2ms)


Started POST "/users" for ::1 at 2021-10-12 16:16:02 -0700
Processing by UsersController#create as HTML
  Parameters: {"user"=>{"email"=>"test@email.com", "password"=>"[FILTERED]"}}
  [1m[35m (0.3ms)[0m  [1m[35mBEGIN[0m
  ↳ app/controllers/users_controller.rb:11
  [1m[36mUser Exists (0.4ms)[0m  [1m[34mSELECT  1 AS one FROM "users" WHERE "users"."email" = $1 LIMIT $2[0m  [["email", "test@email.com"], ["LIMIT", 1]]
  ↳ app/controllers/users_controller.rb:11
  [1m[35m (0.2ms)[0m  [1m[31mROLLBACK[0m
  ↳ app/controllers/users_controller.rb:11
  Rendering users/new.html.erb within layouts/application
  Rendered users/new.html.erb within layouts/application (0.4ms)
  [1m[36mUser Load (0.4ms)[0m  [1m[34mSELECT  "users".* FROM "users" WHERE "users"."session_token" = $1 LIMIT $2[0m  [["session_token", "Hyoq6-W1r5UIpghk7tHITg"], ["LIMIT", 1]]
  ↳ app/controllers/application_controller.rb:11
Completed 200 OK in 648ms (Views: 324.9ms | ActiveRecord: 1.2ms)


Started POST "/users" for ::1 at 2021-10-12 16:16:17 -0700
Processing by UsersController#create as HTML
  Parameters: {"user"=>{"email"=>"matt@test.com", "password"=>"[FILTERED]"}}
  [1m[35m (0.4ms)[0m  [1m[35mBEGIN[0m
  ↳ app/controllers/users_controller.rb:11
  [1m[36mUser Exists (0.5ms)[0m  [1m[34mSELECT  1 AS one FROM "users" WHERE "users"."email" = $1 LIMIT $2[0m  [["email", "matt@test.com"], ["LIMIT", 1]]
  ↳ app/controllers/users_controller.rb:11
  [1m[36mUser Create (0.5ms)[0m  [1m[32mINSERT INTO "users" ("email", "password_digest", "session_token", "created_at", "updated_at") VALUES ($1, $2, $3, $4, $5) RETURNING "id"[0m  [["email", "matt@test.com"], ["password_digest", "$2a$12$GZtw3.rjDT.zUKi4.tALReDs9QeajH/Sn4JX4RQSjVYjCd1tBRKB6"], ["session_token", "Xnq0fMnmOm7-BhHhOaLFug"], ["created_at", "2021-10-12 23:16:17.778463"], ["updated_at", "2021-10-12 23:16:17.778463"]]
  ↳ app/controllers/users_controller.rb:11
  [1m[35m (3.6ms)[0m  [1m[35mCOMMIT[0m
  ↳ app/controllers/users_controller.rb:11
  [1m[35m (0.2ms)[0m  [1m[35mBEGIN[0m
  ↳ app/models/user.rb:39
  [1m[36mUser Exists (0.4ms)[0m  [1m[34mSELECT  1 AS one FROM "users" WHERE "users"."email" = $1 AND "users"."id" != $2 LIMIT $3[0m  [["email", "matt@test.com"], ["id", 2], ["LIMIT", 1]]
  ↳ app/models/user.rb:39
  [1m[36mUser Update (0.4ms)[0m  [1m[33mUPDATE "users" SET "session_token" = $1, "updated_at" = $2 WHERE "users"."id" = $3[0m  [["session_token", "qvI901jYyGp3DBanfNlRFw"], ["updated_at", "2021-10-12 23:16:17.788997"], ["id", 2]]
  ↳ app/models/user.rb:39
  [1m[35m (1.2ms)[0m  [1m[35mCOMMIT[0m
  ↳ app/models/user.rb:39
Redirected to http://localhost:8000/users/2
Completed 302 Found in 217ms (ActiveRecord: 7.3ms)


Started GET "/users/2" for ::1 at 2021-10-12 16:16:17 -0700

AbstractController::ActionNotFound - The action 'show' could not be found for UsersController:

Started POST "/__better_errors/44f5553b30455272/variables" for ::1 at 2021-10-12 16:16:18 -0700
Started GET "/users" for ::1 at 2021-10-12 16:18:01 -0700

AbstractController::ActionNotFound - The action 'index' could not be found for UsersController:

Started POST "/__better_errors/6e4d991ad25325e2/variables" for ::1 at 2021-10-12 16:18:02 -0700
Started GET "/users/new" for ::1 at 2021-10-12 16:18:05 -0700
Processing by UsersController#new as HTML
  Rendering users/new.html.erb within layouts/application
  Rendered users/new.html.erb within layouts/application (0.4ms)
  [1m[36mUser Load (0.3ms)[0m  [1m[34mSELECT  "users".* FROM "users" WHERE "users"."session_token" = $1 LIMIT $2[0m  [["session_token", "qvI901jYyGp3DBanfNlRFw"], ["LIMIT", 1]]
  ↳ app/controllers/application_controller.rb:11
Completed 200 OK in 319ms (Views: 318.0ms | ActiveRecord: 0.3ms)


Started GET "/users" for ::1 at 2021-10-12 16:18:11 -0700

AbstractController::ActionNotFound - The action 'index' could not be found for UsersController:

Started POST "/__better_errors/afed953df4502d02/variables" for ::1 at 2021-10-12 16:18:12 -0700
Started GET "/users" for ::1 at 2021-10-12 16:18:29 -0700
  [1m[35m (0.4ms)[0m  [1m[34mSELECT "schema_migrations"."version" FROM "schema_migrations" ORDER BY "schema_migrations"."version" ASC[0m
  ↳ /home/matthew/.rbenv/versions/2.5.1/lib/ruby/gems/2.5.0/gems/activerecord-5.2.6/lib/active_record/log_subscriber.rb:98
Processing by UsersController#index as HTML
  Rendering users/new.html.erb within layouts/application
  Rendered users/new.html.erb within layouts/application (44.8ms)
Completed 500 Internal Server Error in 209ms (ActiveRecord: 0.0ms)



NoMethodError - undefined method `email' for nil:NilClass:
  app/views/users/new.html.erb:7:in `_app_views_users_new_html_erb___3981760442692935168_70245903404360'
  app/controllers/users_controller.rb:5:in `index'

Started POST "/__better_errors/f0e535523b567917/variables" for ::1 at 2021-10-12 16:18:29 -0700
  [1m[36mUser Load (0.5ms)[0m  [1m[34mSELECT  "users".* FROM "users" LIMIT $1[0m  [["LIMIT", 11]]
  ↳ /home/matthew/.rbenv/versions/2.5.1/lib/ruby/gems/2.5.0/gems/activerecord-5.2.6/lib/active_record/log_subscriber.rb:98
  [1m[36mCACHE User Load (0.0ms)[0m  [1m[34mSELECT  "users".* FROM "users" LIMIT $1[0m  [["LIMIT", 11]]
  ↳ /home/matthew/.rbenv/versions/2.5.1/lib/ruby/gems/2.5.0/gems/activerecord-5.2.6/lib/active_record/log_subscriber.rb:98
  [1m[36mCACHE User Load (0.0ms)[0m  [1m[34mSELECT  "users".* FROM "users" LIMIT $1[0m  [["LIMIT", 11]]
  ↳ /home/matthew/.rbenv/versions/2.5.1/lib/ruby/gems/2.5.0/gems/activerecord-5.2.6/lib/active_record/log_subscriber.rb:98
  [1m[36mCACHE User Load (0.0ms)[0m  [1m[34mSELECT  "users".* FROM "users" LIMIT $1[0m  [["LIMIT", 11]]
  ↳ /home/matthew/.rbenv/versions/2.5.1/lib/ruby/gems/2.5.0/gems/activerecord-5.2.6/lib/active_record/log_subscriber.rb:98
Started GET "/users" for ::1 at 2021-10-12 16:27:10 -0700
  [1m[35m (0.5ms)[0m  [1m[34mSELECT "schema_migrations"."version" FROM "schema_migrations" ORDER BY "schema_migrations"."version" ASC[0m
  ↳ /home/matthew/.rbenv/versions/2.5.1/lib/ruby/gems/2.5.0/gems/activerecord-5.2.6/lib/active_record/log_subscriber.rb:98
Processing by UsersController#index as HTML
  Rendering users/index.html.erb within layouts/application
  [1m[36mUser Load (0.4ms)[0m  [1m[34mSELECT "users".* FROM "users"[0m
  ↳ app/views/users/index.html.erb:6
  Rendered users/index.html.erb within layouts/application (8.7ms)
  [1m[36mUser Load (0.2ms)[0m  [1m[34mSELECT  "users".* FROM "users" WHERE "users"."session_token" = $1 LIMIT $2[0m  [["session_token", "qvI901jYyGp3DBanfNlRFw"], ["LIMIT", 1]]
  ↳ app/controllers/application_controller.rb:11
Completed 200 OK in 1020ms (Views: 966.5ms | ActiveRecord: 3.4ms)


Started GET "/users" for ::1 at 2021-10-12 16:27:28 -0700
Processing by UsersController#index as HTML
  Rendering users/index.html.erb within layouts/application
  [1m[36mUser Load (0.3ms)[0m  [1m[34mSELECT "users".* FROM "users"[0m
  ↳ app/views/users/index.html.erb:6
  Rendered users/index.html.erb within layouts/application (1.9ms)
  [1m[36mUser Load (0.3ms)[0m  [1m[34mSELECT  "users".* FROM "users" WHERE "users"."session_token" = $1 LIMIT $2[0m  [["session_token", "qvI901jYyGp3DBanfNlRFw"], ["LIMIT", 1]]
  ↳ app/controllers/application_controller.rb:11
Completed 200 OK in 325ms (Views: 323.7ms | ActiveRecord: 0.6ms)


Started GET "/new_user_url" for ::1 at 2021-10-12 16:27:31 -0700
  
ActionController::RoutingError (No route matches [GET] "/new_user_url"):
  
actionpack (5.2.6) lib/action_dispatch/middleware/debug_exceptions.rb:65:in `call'
web-console (3.7.0) lib/web_console/middleware.rb:135:in `call_app'
web-console (3.7.0) lib/web_console/middleware.rb:30:in `block in call'
web-console (3.7.0) lib/web_console/middleware.rb:20:in `catch'
web-console (3.7.0) lib/web_console/middleware.rb:20:in `call'
actionpack (5.2.6) lib/action_dispatch/middleware/show_exceptions.rb:33:in `call'
railties (5.2.6) lib/rails/rack/logger.rb:38:in `call_app'
railties (5.2.6) lib/rails/rack/logger.rb:26:in `block in call'
activesupport (5.2.6) lib/active_support/tagged_logging.rb:71:in `block in tagged'
activesupport (5.2.6) lib/active_support/tagged_logging.rb:28:in `tagged'
activesupport (5.2.6) lib/active_support/tagged_logging.rb:71:in `tagged'
railties (5.2.6) lib/rails/rack/logger.rb:26:in `call'
sprockets-rails (3.2.2) lib/sprockets/rails/quiet_assets.rb:13:in `call'
actionpack (5.2.6) lib/action_dispatch/middleware/remote_ip.rb:81:in `call'
actionpack (5.2.6) lib/action_dispatch/middleware/request_id.rb:27:in `call'
rack (2.2.3) lib/rack/method_override.rb:24:in `call'
rack (2.2.3) lib/rack/runtime.rb:22:in `call'
activesupport (5.2.6) lib/active_support/cache/strategy/local_cache_middleware.rb:29:in `call'
actionpack (5.2.6) lib/action_dispatch/middleware/executor.rb:14:in `call'
actionpack (5.2.6) lib/action_dispatch/middleware/static.rb:127:in `call'
rack (2.2.3) lib/rack/sendfile.rb:110:in `call'
railties (5.2.6) lib/rails/engine.rb:524:in `call'
puma (3.12.6) lib/puma/configuration.rb:227:in `call'
puma (3.12.6) lib/puma/server.rb:706:in `handle_request'
puma (3.12.6) lib/puma/server.rb:476:in `process_client'
puma (3.12.6) lib/puma/server.rb:334:in `block in run'
puma (3.12.6) lib/puma/thread_pool.rb:135:in `block in spawn_thread'
Started GET "/users" for ::1 at 2021-10-12 16:27:36 -0700
Processing by UsersController#index as HTML
  Rendering users/index.html.erb within layouts/application
  [1m[36mUser Load (0.3ms)[0m  [1m[34mSELECT "users".* FROM "users"[0m
  ↳ app/views/users/index.html.erb:6
  Rendered users/index.html.erb within layouts/application (2.2ms)
  [1m[36mUser Load (0.3ms)[0m  [1m[34mSELECT  "users".* FROM "users" WHERE "users"."session_token" = $1 LIMIT $2[0m  [["session_token", "qvI901jYyGp3DBanfNlRFw"], ["LIMIT", 1]]
  ↳ app/controllers/application_controller.rb:11
Completed 200 OK in 335ms (Views: 333.6ms | ActiveRecord: 0.6ms)


Started GET "/new_user_url" for ::1 at 2021-10-12 16:28:16 -0700
  
ActionController::RoutingError (No route matches [GET] "/new_user_url"):
  
actionpack (5.2.6) lib/action_dispatch/middleware/debug_exceptions.rb:65:in `call'
web-console (3.7.0) lib/web_console/middleware.rb:135:in `call_app'
web-console (3.7.0) lib/web_console/middleware.rb:30:in `block in call'
web-console (3.7.0) lib/web_console/middleware.rb:20:in `catch'
web-console (3.7.0) lib/web_console/middleware.rb:20:in `call'
actionpack (5.2.6) lib/action_dispatch/middleware/show_exceptions.rb:33:in `call'
railties (5.2.6) lib/rails/rack/logger.rb:38:in `call_app'
railties (5.2.6) lib/rails/rack/logger.rb:26:in `block in call'
activesupport (5.2.6) lib/active_support/tagged_logging.rb:71:in `block in tagged'
activesupport (5.2.6) lib/active_support/tagged_logging.rb:28:in `tagged'
activesupport (5.2.6) lib/active_support/tagged_logging.rb:71:in `tagged'
railties (5.2.6) lib/rails/rack/logger.rb:26:in `call'
sprockets-rails (3.2.2) lib/sprockets/rails/quiet_assets.rb:13:in `call'
actionpack (5.2.6) lib/action_dispatch/middleware/remote_ip.rb:81:in `call'
actionpack (5.2.6) lib/action_dispatch/middleware/request_id.rb:27:in `call'
rack (2.2.3) lib/rack/method_override.rb:24:in `call'
rack (2.2.3) lib/rack/runtime.rb:22:in `call'
activesupport (5.2.6) lib/active_support/cache/strategy/local_cache_middleware.rb:29:in `call'
actionpack (5.2.6) lib/action_dispatch/middleware/executor.rb:14:in `call'
actionpack (5.2.6) lib/action_dispatch/middleware/static.rb:127:in `call'
rack (2.2.3) lib/rack/sendfile.rb:110:in `call'
railties (5.2.6) lib/rails/engine.rb:524:in `call'
puma (3.12.6) lib/puma/configuration.rb:227:in `call'
puma (3.12.6) lib/puma/server.rb:706:in `handle_request'
puma (3.12.6) lib/puma/server.rb:476:in `process_client'
puma (3.12.6) lib/puma/server.rb:334:in `block in run'
puma (3.12.6) lib/puma/thread_pool.rb:135:in `block in spawn_thread'
Started GET "/users" for ::1 at 2021-10-12 16:28:19 -0700
Processing by UsersController#index as HTML
  Rendering users/index.html.erb within layouts/application
  [1m[36mUser Load (0.3ms)[0m  [1m[34mSELECT "users".* FROM "users"[0m
  ↳ app/views/users/index.html.erb:6
  Rendered users/index.html.erb within layouts/application (1.5ms)
  [1m[36mUser Load (0.3ms)[0m  [1m[34mSELECT  "users".* FROM "users" WHERE "users"."session_token" = $1 LIMIT $2[0m  [["session_token", "qvI901jYyGp3DBanfNlRFw"], ["LIMIT", 1]]
  ↳ app/controllers/application_controller.rb:11
Completed 200 OK in 275ms (Views: 273.9ms | ActiveRecord: 0.6ms)


Started GET "/users" for ::1 at 2021-10-12 16:28:59 -0700
  [1m[35m (0.6ms)[0m  [1m[34mSELECT "schema_migrations"."version" FROM "schema_migrations" ORDER BY "schema_migrations"."version" ASC[0m
  ↳ /home/matthew/.rbenv/versions/2.5.1/lib/ruby/gems/2.5.0/gems/activerecord-5.2.6/lib/active_record/log_subscriber.rb:98
Processing by UsersController#index as HTML
  Rendering users/index.html.erb within layouts/application
  [1m[36mUser Load (0.4ms)[0m  [1m[34mSELECT "users".* FROM "users"[0m
  ↳ app/views/users/index.html.erb:6
  Rendered users/index.html.erb within layouts/application (9.8ms)
  [1m[36mUser Load (0.2ms)[0m  [1m[34mSELECT  "users".* FROM "users" WHERE "users"."session_token" = $1 LIMIT $2[0m  [["session_token", "qvI901jYyGp3DBanfNlRFw"], ["LIMIT", 1]]
  ↳ app/controllers/application_controller.rb:11
Completed 200 OK in 914ms (Views: 865.7ms | ActiveRecord: 4.0ms)


Started GET "/users/new" for ::1 at 2021-10-12 16:29:02 -0700
Processing by UsersController#new as HTML
  Rendering users/new.html.erb within layouts/application
  Rendered users/new.html.erb within layouts/application (0.5ms)
  [1m[36mUser Load (0.3ms)[0m  [1m[34mSELECT  "users".* FROM "users" WHERE "users"."session_token" = $1 LIMIT $2[0m  [["session_token", "qvI901jYyGp3DBanfNlRFw"], ["LIMIT", 1]]
  ↳ app/controllers/application_controller.rb:11
Completed 200 OK in 317ms (Views: 315.8ms | ActiveRecord: 0.3ms)


Started POST "/users" for ::1 at 2021-10-12 16:29:06 -0700
Processing by UsersController#create as HTML
  Parameters: {"user"=>{"email"=>"test@email.com", "password"=>"[FILTERED]"}}
  [1m[35m (0.3ms)[0m  [1m[35mBEGIN[0m
  ↳ app/controllers/users_controller.rb:15
  [1m[36mUser Exists (0.4ms)[0m  [1m[34mSELECT  1 AS one FROM "users" WHERE "users"."email" = $1 LIMIT $2[0m  [["email", "test@email.com"], ["LIMIT", 1]]
  ↳ app/controllers/users_controller.rb:15
  [1m[35m (0.2ms)[0m  [1m[31mROLLBACK[0m
  ↳ app/controllers/users_controller.rb:15
  Rendering users/new.html.erb within layouts/application
  Rendered users/new.html.erb within layouts/application (0.5ms)
  [1m[36mUser Load (0.3ms)[0m  [1m[34mSELECT  "users".* FROM "users" WHERE "users"."session_token" = $1 LIMIT $2[0m  [["session_token", "qvI901jYyGp3DBanfNlRFw"], ["LIMIT", 1]]
  ↳ app/controllers/application_controller.rb:11
Completed 200 OK in 548ms (Views: 323.5ms | ActiveRecord: 1.2ms)


Started POST "/users" for ::1 at 2021-10-12 16:29:19 -0700
Processing by UsersController#create as HTML
  Parameters: {"user"=>{"email"=>"matasdf@asdf.com", "password"=>"[FILTERED]"}}
  [1m[35m (0.2ms)[0m  [1m[35mBEGIN[0m
  ↳ app/controllers/users_controller.rb:15
  [1m[36mUser Exists (0.4ms)[0m  [1m[34mSELECT  1 AS one FROM "users" WHERE "users"."email" = $1 LIMIT $2[0m  [["email", "matasdf@asdf.com"], ["LIMIT", 1]]
  ↳ app/controllers/users_controller.rb:15
  [1m[36mUser Create (0.4ms)[0m  [1m[32mINSERT INTO "users" ("email", "password_digest", "session_token", "created_at", "updated_at") VALUES ($1, $2, $3, $4, $5) RETURNING "id"[0m  [["email", "matasdf@asdf.com"], ["password_digest", "$2a$12$WEay.BxVZVmTzKTjM7xm9OXbAWqW09h/hAPJrPkdXlnd/EGS9SoVK"], ["session_token", "TKyKlUVeSWl8iRelYcnIuA"], ["created_at", "2021-10-12 23:29:20.138425"], ["updated_at", "2021-10-12 23:29:20.138425"]]
  ↳ app/controllers/users_controller.rb:15
  [1m[35m (3.2ms)[0m  [1m[35mCOMMIT[0m
  ↳ app/controllers/users_controller.rb:15
  [1m[35m (0.2ms)[0m  [1m[35mBEGIN[0m
  ↳ app/models/user.rb:39
  [1m[36mUser Exists (0.4ms)[0m  [1m[34mSELECT  1 AS one FROM "users" WHERE "users"."email" = $1 AND "users"."id" != $2 LIMIT $3[0m  [["email", "matasdf@asdf.com"], ["id", 3], ["LIMIT", 1]]
  ↳ app/models/user.rb:39
  [1m[36mUser Update (0.4ms)[0m  [1m[33mUPDATE "users" SET "session_token" = $1, "updated_at" = $2 WHERE "users"."id" = $3[0m  [["session_token", "Tx556wuOqqFA4ej90qyOuQ"], ["updated_at", "2021-10-12 23:29:20.147115"], ["id", 3]]
  ↳ app/models/user.rb:39
  [1m[35m (11.5ms)[0m  [1m[35mCOMMIT[0m
  ↳ app/models/user.rb:39
Redirected to http://localhost:8000/users
Completed 302 Found in 221ms (ActiveRecord: 16.6ms)


Started GET "/users" for ::1 at 2021-10-12 16:29:20 -0700
Processing by UsersController#index as HTML
  Rendering users/index.html.erb within layouts/application
  [1m[36mUser Load (0.3ms)[0m  [1m[34mSELECT "users".* FROM "users"[0m
  ↳ app/views/users/index.html.erb:6
  Rendered users/index.html.erb within layouts/application (1.6ms)
  [1m[36mUser Load (0.3ms)[0m  [1m[34mSELECT  "users".* FROM "users" WHERE "users"."session_token" = $1 LIMIT $2[0m  [["session_token", "Tx556wuOqqFA4ej90qyOuQ"], ["LIMIT", 1]]
  ↳ app/controllers/application_controller.rb:11
Completed 200 OK in 314ms (Views: 312.9ms | ActiveRecord: 0.6ms)


Started GET "/users/new" for ::1 at 2021-10-12 16:33:44 -0700
Processing by UsersController#new as HTML
  Rendering users/new.html.erb within layouts/application
  Rendered users/new.html.erb within layouts/application (0.4ms)
  [1m[36mUser Load (0.3ms)[0m  [1m[34mSELECT  "users".* FROM "users" WHERE "users"."session_token" = $1 LIMIT $2[0m  [["session_token", "Tx556wuOqqFA4ej90qyOuQ"], ["LIMIT", 1]]
  ↳ app/controllers/application_controller.rb:11
Completed 200 OK in 322ms (Views: 321.4ms | ActiveRecord: 0.3ms)


  [1m[35m (0.1ms)[0m  [1m[34mSELECT pg_try_advisory_lock(1555902080779534005)[0m
  ↳ bin/rails:9
  [1m[35m (0.4ms)[0m  [1m[34mSELECT "schema_migrations"."version" FROM "schema_migrations" ORDER BY "schema_migrations"."version" ASC[0m
  ↳ bin/rails:9
Migrating to CreateBands (20211012233659)
  [1m[35m (0.2ms)[0m  [1m[35mBEGIN[0m
  ↳ bin/rails:9
  [1m[35m (38.8ms)[0m  [1m[35mCREATE TABLE "bands" ("id" bigserial primary key, "name" character varying NOT NULL, "created_at" timestamp NOT NULL, "updated_at" timestamp NOT NULL)[0m
  ↳ db/migrate/20211012233659_create_bands.rb:3
  [1m[35m (2.6ms)[0m  [1m[35mCREATE  INDEX  "index_bands_on_name" ON "bands"  ("name")[0m
  ↳ db/migrate/20211012233659_create_bands.rb:7
  [1m[36mActiveRecord::SchemaMigration Create (0.9ms)[0m  [1m[32mINSERT INTO "schema_migrations" ("version") VALUES ($1) RETURNING "version"[0m  [["version", "20211012233659"]]
  ↳ bin/rails:9
  [1m[35m (1.4ms)[0m  [1m[35mCOMMIT[0m
  ↳ bin/rails:9
  [1m[36mActiveRecord::InternalMetadata Load (0.3ms)[0m  [1m[34mSELECT  "ar_internal_metadata".* FROM "ar_internal_metadata" WHERE "ar_internal_metadata"."key" = $1 LIMIT $2[0m  [["key", "environment"], ["LIMIT", 1]]
  ↳ bin/rails:9
  [1m[35m (0.2ms)[0m  [1m[35mBEGIN[0m
  ↳ bin/rails:9
  [1m[35m (0.2ms)[0m  [1m[35mCOMMIT[0m
  ↳ bin/rails:9
  [1m[35m (0.3ms)[0m  [1m[34mSELECT pg_advisory_unlock(1555902080779534005)[0m
  ↳ bin/rails:9
  [1m[35m (0.2ms)[0m  [1m[34mSELECT "schema_migrations"."version" FROM "schema_migrations" ORDER BY "schema_migrations"."version" ASC[0m
  ↳ bin/rails:9
  [1m[35m (0.3ms)[0m  [1m[34mSELECT "schema_migrations"."version" FROM "schema_migrations" ORDER BY "schema_migrations"."version" ASC[0m
  ↳ /home/matthew/.rbenv/versions/2.5.1/bin/annotate:23
Started GET "/bands" for ::1 at 2021-10-12 16:48:31 -0700
  [1m[35m (0.4ms)[0m  [1m[34mSELECT "schema_migrations"."version" FROM "schema_migrations" ORDER BY "schema_migrations"."version" ASC[0m
  ↳ /home/matthew/.rbenv/versions/2.5.1/lib/ruby/gems/2.5.0/gems/activerecord-5.2.6/lib/active_record/log_subscriber.rb:98
Processing by BandsController#index as HTML
  Rendering bands/index.html.erb within layouts/application
  Rendered bands/index.html.erb within layouts/application (0.7ms)
  [1m[36mUser Load (0.3ms)[0m  [1m[34mSELECT  "users".* FROM "users" WHERE "users"."session_token" = $1 LIMIT $2[0m  [["session_token", "Tx556wuOqqFA4ej90qyOuQ"], ["LIMIT", 1]]
  ↳ app/controllers/application_controller.rb:11
Completed 200 OK in 1684ms (Views: 1635.9ms | ActiveRecord: 3.9ms)


Started GET "/bands" for ::1 at 2021-10-12 16:51:26 -0700
  [1m[35m (0.4ms)[0m  [1m[34mSELECT "schema_migrations"."version" FROM "schema_migrations" ORDER BY "schema_migrations"."version" ASC[0m
  ↳ /home/matthew/.rbenv/versions/2.5.1/lib/ruby/gems/2.5.0/gems/activerecord-5.2.6/lib/active_record/log_subscriber.rb:98
Processing by BandsController#index as HTML
  Rendering bands/index.html.erb within layouts/application
  [1m[36mBand Load (0.4ms)[0m  [1m[34mSELECT "bands".* FROM "bands"[0m
  ↳ app/views/bands/index.html.erb:6
  Rendered bands/index.html.erb within layouts/application (3.5ms)
  [1m[36mUser Load (0.2ms)[0m  [1m[34mSELECT  "users".* FROM "users" WHERE "users"."session_token" = $1 LIMIT $2[0m  [["session_token", "Tx556wuOqqFA4ej90qyOuQ"], ["LIMIT", 1]]
  ↳ app/controllers/application_controller.rb:11
Completed 200 OK in 1132ms (Views: 1076.0ms | ActiveRecord: 4.4ms)


Started GET "/new_band_url" for ::1 at 2021-10-12 16:51:29 -0700
  
ActionController::RoutingError (No route matches [GET] "/new_band_url"):
  
actionpack (5.2.6) lib/action_dispatch/middleware/debug_exceptions.rb:65:in `call'
web-console (3.7.0) lib/web_console/middleware.rb:135:in `call_app'
web-console (3.7.0) lib/web_console/middleware.rb:30:in `block in call'
web-console (3.7.0) lib/web_console/middleware.rb:20:in `catch'
web-console (3.7.0) lib/web_console/middleware.rb:20:in `call'
actionpack (5.2.6) lib/action_dispatch/middleware/show_exceptions.rb:33:in `call'
railties (5.2.6) lib/rails/rack/logger.rb:38:in `call_app'
railties (5.2.6) lib/rails/rack/logger.rb:26:in `block in call'
activesupport (5.2.6) lib/active_support/tagged_logging.rb:71:in `block in tagged'
activesupport (5.2.6) lib/active_support/tagged_logging.rb:28:in `tagged'
activesupport (5.2.6) lib/active_support/tagged_logging.rb:71:in `tagged'
railties (5.2.6) lib/rails/rack/logger.rb:26:in `call'
sprockets-rails (3.2.2) lib/sprockets/rails/quiet_assets.rb:13:in `call'
actionpack (5.2.6) lib/action_dispatch/middleware/remote_ip.rb:81:in `call'
actionpack (5.2.6) lib/action_dispatch/middleware/request_id.rb:27:in `call'
rack (2.2.3) lib/rack/method_override.rb:24:in `call'
rack (2.2.3) lib/rack/runtime.rb:22:in `call'
activesupport (5.2.6) lib/active_support/cache/strategy/local_cache_middleware.rb:29:in `call'
actionpack (5.2.6) lib/action_dispatch/middleware/executor.rb:14:in `call'
actionpack (5.2.6) lib/action_dispatch/middleware/static.rb:127:in `call'
rack (2.2.3) lib/rack/sendfile.rb:110:in `call'
railties (5.2.6) lib/rails/engine.rb:524:in `call'
puma (3.12.6) lib/puma/configuration.rb:227:in `call'
puma (3.12.6) lib/puma/server.rb:706:in `handle_request'
puma (3.12.6) lib/puma/server.rb:476:in `process_client'
puma (3.12.6) lib/puma/server.rb:334:in `block in run'
puma (3.12.6) lib/puma/thread_pool.rb:135:in `block in spawn_thread'
Started GET "/bands" for ::1 at 2021-10-12 16:51:31 -0700
Processing by BandsController#index as HTML
  Rendering bands/index.html.erb within layouts/application
  [1m[36mBand Load (0.3ms)[0m  [1m[34mSELECT "bands".* FROM "bands"[0m
  ↳ app/views/bands/index.html.erb:6
  Rendered bands/index.html.erb within layouts/application (1.8ms)
  [1m[36mUser Load (0.3ms)[0m  [1m[34mSELECT  "users".* FROM "users" WHERE "users"."session_token" = $1 LIMIT $2[0m  [["session_token", "Tx556wuOqqFA4ej90qyOuQ"], ["LIMIT", 1]]
  ↳ app/controllers/application_controller.rb:11
Completed 200 OK in 320ms (Views: 318.8ms | ActiveRecord: 0.5ms)


Started GET "/bands/new" for 127.0.0.1 at 2021-10-12 16:57:50 -0700
  [1m[35m (0.4ms)[0m  [1m[34mSELECT "schema_migrations"."version" FROM "schema_migrations" ORDER BY "schema_migrations"."version" ASC[0m
  ↳ /home/matthew/.rbenv/versions/2.5.1/lib/ruby/gems/2.5.0/gems/activerecord-5.2.6/lib/active_record/log_subscriber.rb:98
Processing by BandsController#new as HTML
  Rendering bands/new.html.erb within layouts/application
  Rendered bands/_form.html.erb (38.6ms)
  Rendered bands/new.html.erb within layouts/application (80.5ms)
Completed 500 Internal Server Error in 224ms (ActiveRecord: 0.0ms)



NoMethodError - undefined method `email' for nil:NilClass:
  app/views/bands/_form.html.erb:14:in `_app_views_bands__form_html_erb___2534769835724175140_70076990046280'
  app/views/bands/new.html.erb:1:in `_app_views_bands_new_html_erb___1423469936177485678_70076995710320'

Started POST "/__better_errors/777489d566081edf/variables" for 127.0.0.1 at 2021-10-12 16:57:51 -0700
Started GET "/bands" for ::1 at 2021-10-12 16:57:56 -0700
Processing by BandsController#index as HTML
  Rendering bands/index.html.erb within layouts/application
  [1m[36mBand Load (0.4ms)[0m  [1m[34mSELECT "bands".* FROM "bands"[0m
  ↳ app/views/bands/index.html.erb:6
  Rendered bands/index.html.erb within layouts/application (3.2ms)
  [1m[36mUser Load (0.3ms)[0m  [1m[34mSELECT  "users".* FROM "users" WHERE "users"."session_token" = $1 LIMIT $2[0m  [["session_token", "Tx556wuOqqFA4ej90qyOuQ"], ["LIMIT", 1]]
  ↳ app/controllers/application_controller.rb:11
Completed 200 OK in 1008ms (Views: 949.7ms | ActiveRecord: 4.3ms)


Started GET "/new_band_url" for ::1 at 2021-10-12 16:57:59 -0700
  
ActionController::RoutingError (No route matches [GET] "/new_band_url"):
  
actionpack (5.2.6) lib/action_dispatch/middleware/debug_exceptions.rb:65:in `call'
web-console (3.7.0) lib/web_console/middleware.rb:135:in `call_app'
web-console (3.7.0) lib/web_console/middleware.rb:30:in `block in call'
web-console (3.7.0) lib/web_console/middleware.rb:20:in `catch'
web-console (3.7.0) lib/web_console/middleware.rb:20:in `call'
actionpack (5.2.6) lib/action_dispatch/middleware/show_exceptions.rb:33:in `call'
railties (5.2.6) lib/rails/rack/logger.rb:38:in `call_app'
railties (5.2.6) lib/rails/rack/logger.rb:26:in `block in call'
activesupport (5.2.6) lib/active_support/tagged_logging.rb:71:in `block in tagged'
activesupport (5.2.6) lib/active_support/tagged_logging.rb:28:in `tagged'
activesupport (5.2.6) lib/active_support/tagged_logging.rb:71:in `tagged'
railties (5.2.6) lib/rails/rack/logger.rb:26:in `call'
sprockets-rails (3.2.2) lib/sprockets/rails/quiet_assets.rb:13:in `call'
actionpack (5.2.6) lib/action_dispatch/middleware/remote_ip.rb:81:in `call'
actionpack (5.2.6) lib/action_dispatch/middleware/request_id.rb:27:in `call'
rack (2.2.3) lib/rack/method_override.rb:24:in `call'
rack (2.2.3) lib/rack/runtime.rb:22:in `call'
activesupport (5.2.6) lib/active_support/cache/strategy/local_cache_middleware.rb:29:in `call'
actionpack (5.2.6) lib/action_dispatch/middleware/executor.rb:14:in `call'
actionpack (5.2.6) lib/action_dispatch/middleware/static.rb:127:in `call'
rack (2.2.3) lib/rack/sendfile.rb:110:in `call'
railties (5.2.6) lib/rails/engine.rb:524:in `call'
puma (3.12.6) lib/puma/configuration.rb:227:in `call'
puma (3.12.6) lib/puma/server.rb:706:in `handle_request'
puma (3.12.6) lib/puma/server.rb:476:in `process_client'
puma (3.12.6) lib/puma/server.rb:334:in `block in run'
puma (3.12.6) lib/puma/thread_pool.rb:135:in `block in spawn_thread'
Started GET "/bands" for ::1 at 2021-10-12 17:00:05 -0700
  [1m[35m (0.3ms)[0m  [1m[34mSELECT "schema_migrations"."version" FROM "schema_migrations" ORDER BY "schema_migrations"."version" ASC[0m
  ↳ /home/matthew/.rbenv/versions/2.5.1/lib/ruby/gems/2.5.0/gems/activerecord-5.2.6/lib/active_record/log_subscriber.rb:98
Processing by BandsController#index as HTML
  Rendering bands/index.html.erb within layouts/application
  [1m[36mBand Load (0.4ms)[0m  [1m[34mSELECT "bands".* FROM "bands"[0m
  ↳ app/views/bands/index.html.erb:6
  Rendered bands/index.html.erb within layouts/application (3.8ms)
  [1m[36mUser Load (0.4ms)[0m  [1m[34mSELECT  "users".* FROM "users" WHERE "users"."session_token" = $1 LIMIT $2[0m  [["session_token", "Tx556wuOqqFA4ej90qyOuQ"], ["LIMIT", 1]]
  ↳ app/controllers/application_controller.rb:11
Completed 200 OK in 1114ms (Views: 1059.9ms | ActiveRecord: 4.6ms)


Started GET "/bands/new" for ::1 at 2021-10-12 17:00:08 -0700
Processing by BandsController#new as HTML
  Rendering bands/new.html.erb within layouts/application
  Rendered bands/_form.html.erb (42.9ms)
  Rendered bands/new.html.erb within layouts/application (87.6ms)
Completed 500 Internal Server Error in 248ms (ActiveRecord: 0.0ms)



NoMethodError - undefined method `email' for nil:NilClass:
  app/views/bands/_form.html.erb:14:in `_app_views_bands__form_html_erb___2418968313690337841_70169430937920'
  app/views/bands/new.html.erb:1:in `_app_views_bands_new_html_erb___1298756152537950978_70169430902080'

Started POST "/__better_errors/584104df025bf0f4/variables" for ::1 at 2021-10-12 17:00:09 -0700
Started GET "/bands/new" for ::1 at 2021-10-12 17:00:44 -0700
Processing by BandsController#new as HTML
  Rendering bands/new.html.erb within layouts/application
  Rendered bands/_form.html.erb (42.7ms)
  Rendered bands/new.html.erb within layouts/application (92.1ms)
Completed 500 Internal Server Error in 254ms (ActiveRecord: 0.0ms)



NoMethodError - undefined method `name' for nil:NilClass:
  app/views/bands/_form.html.erb:14:in `_app_views_bands__form_html_erb___2418968313690337841_70169431992080'
  app/views/bands/new.html.erb:1:in `_app_views_bands_new_html_erb___1298756152537950978_70169665772580'

Started POST "/__better_errors/56a9c030753b319f/variables" for ::1 at 2021-10-12 17:00:45 -0700
Started GET "/bands" for ::1 at 2021-10-12 17:00:54 -0700
  [1m[35m (0.4ms)[0m  [1m[34mSELECT "schema_migrations"."version" FROM "schema_migrations" ORDER BY "schema_migrations"."version" ASC[0m
  ↳ /home/matthew/.rbenv/versions/2.5.1/lib/ruby/gems/2.5.0/gems/activerecord-5.2.6/lib/active_record/log_subscriber.rb:98
Processing by BandsController#index as HTML
  Rendering bands/index.html.erb within layouts/application
  [1m[36mBand Load (0.4ms)[0m  [1m[34mSELECT "bands".* FROM "bands"[0m
  ↳ app/views/bands/index.html.erb:6
  Rendered bands/index.html.erb within layouts/application (3.9ms)
  [1m[36mUser Load (0.3ms)[0m  [1m[34mSELECT  "users".* FROM "users" WHERE "users"."session_token" = $1 LIMIT $2[0m  [["session_token", "Tx556wuOqqFA4ej90qyOuQ"], ["LIMIT", 1]]
  ↳ app/controllers/application_controller.rb:11
Completed 200 OK in 1120ms (Views: 1064.6ms | ActiveRecord: 4.9ms)


Started GET "/bands/new" for ::1 at 2021-10-12 17:00:56 -0700
Processing by BandsController#new as HTML
  Rendering bands/new.html.erb within layouts/application
  Rendered bands/_form.html.erb (41.8ms)
  Rendered bands/new.html.erb within layouts/application (83.1ms)
Completed 500 Internal Server Error in 244ms (ActiveRecord: 0.0ms)



NoMethodError - undefined method `name' for nil:NilClass:
  app/views/bands/_form.html.erb:14:in `_app_views_bands__form_html_erb__264769490263757718_70281838284320'
  app/views/bands/new.html.erb:1:in `_app_views_bands_new_html_erb__2171426683627214817_70281838248180'

Started POST "/__better_errors/ee0694895a4c249c/variables" for ::1 at 2021-10-12 17:00:57 -0700
Started GET "/bands/new" for ::1 at 2021-10-12 17:01:17 -0700
  [1m[35m (0.4ms)[0m  [1m[34mSELECT "schema_migrations"."version" FROM "schema_migrations" ORDER BY "schema_migrations"."version" ASC[0m
  ↳ /home/matthew/.rbenv/versions/2.5.1/lib/ruby/gems/2.5.0/gems/activerecord-5.2.6/lib/active_record/log_subscriber.rb:98
Processing by BandsController#new as HTML
  Rendering bands/new.html.erb within layouts/application
  Rendered bands/_form.html.erb (42.1ms)
  Rendered bands/new.html.erb within layouts/application (89.0ms)
Completed 500 Internal Server Error in 254ms (ActiveRecord: 0.0ms)



NoMethodError - undefined method `name' for nil:NilClass:
  app/views/bands/_form.html.erb:14:in `_app_views_bands__form_html_erb__2878777586779806149_70081122954040'
  app/views/bands/new.html.erb:1:in `_app_views_bands_new_html_erb___2602787702108076256_70081117475580'

Started POST "/__better_errors/0643b139756b0d29/variables" for ::1 at 2021-10-12 17:01:19 -0700
Started GET "/bands" for ::1 at 2021-10-12 17:05:12 -0700
  [1m[35m (0.5ms)[0m  [1m[34mSELECT "schema_migrations"."version" FROM "schema_migrations" ORDER BY "schema_migrations"."version" ASC[0m
  ↳ /home/matthew/.rbenv/versions/2.5.1/lib/ruby/gems/2.5.0/gems/activerecord-5.2.6/lib/active_record/log_subscriber.rb:98
Processing by BandsController#index as HTML
  Rendering bands/index.html.erb within layouts/application
  [1m[36mBand Load (0.5ms)[0m  [1m[34mSELECT "bands".* FROM "bands"[0m
  ↳ app/views/bands/index.html.erb:6
  Rendered bands/index.html.erb within layouts/application (3.8ms)
  [1m[36mUser Load (0.3ms)[0m  [1m[34mSELECT  "users".* FROM "users" WHERE "users"."session_token" = $1 LIMIT $2[0m  [["session_token", "Tx556wuOqqFA4ej90qyOuQ"], ["LIMIT", 1]]
  ↳ app/controllers/application_controller.rb:11
Completed 200 OK in 932ms (Views: 879.8ms | ActiveRecord: 4.8ms)


Started GET "/bands/new" for ::1 at 2021-10-12 17:05:14 -0700
Processing by BandsController#new as HTML
  Rendering bands/new.html.erb within layouts/application
  Rendered bands/_form.html.erb (40.5ms)
  Rendered bands/new.html.erb within layouts/application (85.2ms)
Completed 500 Internal Server Error in 200ms (ActiveRecord: 0.0ms)



NoMethodError - undefined method `name' for nil:NilClass:
  app/views/bands/_form.html.erb:8:in `_app_views_bands__form_html_erb___2527221610759570533_70164666200480'
  app/views/bands/new.html.erb:1:in `_app_views_bands_new_html_erb__3636309495806657397_70164666177960'
  app/controllers/bands_controller.rb:14:in `new'

Started POST "/__better_errors/038f14e4319026a3/variables" for ::1 at 2021-10-12 17:05:15 -0700
Started GET "/bands" for ::1 at 2021-10-12 17:06:57 -0700
  [1m[35m (0.5ms)[0m  [1m[34mSELECT "schema_migrations"."version" FROM "schema_migrations" ORDER BY "schema_migrations"."version" ASC[0m
  ↳ /home/matthew/.rbenv/versions/2.5.1/lib/ruby/gems/2.5.0/gems/activerecord-5.2.6/lib/active_record/log_subscriber.rb:98
Processing by BandsController#index as HTML
  Rendering bands/index.html.erb within layouts/application
  [1m[36mBand Load (0.4ms)[0m  [1m[34mSELECT "bands".* FROM "bands"[0m
  ↳ app/views/bands/index.html.erb:6
  Rendered bands/index.html.erb within layouts/application (3.7ms)
  [1m[36mUser Load (0.3ms)[0m  [1m[34mSELECT  "users".* FROM "users" WHERE "users"."session_token" = $1 LIMIT $2[0m  [["session_token", "Tx556wuOqqFA4ej90qyOuQ"], ["LIMIT", 1]]
  ↳ app/controllers/application_controller.rb:11
Completed 200 OK in 1113ms (Views: 1057.5ms | ActiveRecord: 5.3ms)


Started GET "/bands/new" for ::1 at 2021-10-12 17:06:59 -0700
Processing by BandsController#new as HTML
  Rendering bands/new.html.erb within layouts/application
  Rendered bands/_form.html.erb (0.7ms)
  Rendered bands/new.html.erb within layouts/application (35.3ms)
  [1m[36mUser Load (0.3ms)[0m  [1m[34mSELECT  "users".* FROM "users" WHERE "users"."session_token" = $1 LIMIT $2[0m  [["session_token", "Tx556wuOqqFA4ej90qyOuQ"], ["LIMIT", 1]]
  ↳ app/controllers/application_controller.rb:11
Completed 200 OK in 346ms (Views: 341.7ms | ActiveRecord: 1.4ms)


Started POST "/bands" for ::1 at 2021-10-12 17:07:07 -0700
Processing by BandsController#create as HTML
  Parameters: {"band"=>{"name"=>"test-band"}}
  [1m[35m (0.2ms)[0m  [1m[35mBEGIN[0m
  ↳ app/controllers/bands_controller.rb:20
  [1m[36mBand Create (1.0ms)[0m  [1m[32mINSERT INTO "bands" ("name", "created_at", "updated_at") VALUES ($1, $2, $3) RETURNING "id"[0m  [["name", "test-band"], ["created_at", "2021-10-13 00:07:07.874605"], ["updated_at", "2021-10-13 00:07:07.874605"]]
  ↳ app/controllers/bands_controller.rb:20
  [1m[35m (1.3ms)[0m  [1m[35mCOMMIT[0m
  ↳ app/controllers/bands_controller.rb:20
Redirected to http://localhost:8000/bands/1
Completed 302 Found in 7ms (ActiveRecord: 2.4ms)


Started GET "/bands/1" for ::1 at 2021-10-12 17:07:07 -0700
Processing by BandsController#show as HTML
  Parameters: {"id"=>"1"}
  [1m[36mBand Load (0.2ms)[0m  [1m[34mSELECT  "bands".* FROM "bands" WHERE "bands"."id" = $1 LIMIT $2[0m  [["id", 1], ["LIMIT", 1]]
  ↳ app/controllers/bands_controller.rb:9
  Rendering bands/show.html.erb within layouts/application
  Rendered bands/_band.html.erb (0.5ms)
  Rendered bands/show.html.erb within layouts/application (44.5ms)
  [1m[36mUser Load (0.3ms)[0m  [1m[34mSELECT  "users".* FROM "users" WHERE "users"."session_token" = $1 LIMIT $2[0m  [["session_token", "Tx556wuOqqFA4ej90qyOuQ"], ["LIMIT", 1]]
  ↳ app/controllers/application_controller.rb:11
Completed 200 OK in 391ms (Views: 388.6ms | ActiveRecord: 0.5ms)


Started GET "/bands" for ::1 at 2021-10-12 17:07:13 -0700
Processing by BandsController#index as HTML
  Rendering bands/index.html.erb within layouts/application
  [1m[36mBand Load (0.3ms)[0m  [1m[34mSELECT "bands".* FROM "bands"[0m
  ↳ app/views/bands/index.html.erb:6
  Rendered bands/_band.html.erb (210.3ms)
  Rendered bands/index.html.erb within layouts/application (255.4ms)
Completed 500 Internal Server Error in 373ms (ActiveRecord: 0.3ms)



NameError - undefined local variable or method `user' for #<#<Class:0x000055b35ad5a968>:0x00007f92e001b150>:
  app/views/bands/_band.html.erb:6:in `_app_views_bands__band_html_erb___2472713433332963293_70134400116480'
  app/views/bands/index.html.erb:8:in `block in _app_views_bands_index_html_erb__2312158112433186056_70134400077640'
  app/views/bands/index.html.erb:6:in `_app_views_bands_index_html_erb__2312158112433186056_70134400077640'
  app/controllers/bands_controller.rb:5:in `index'

Started POST "/__better_errors/f524006a101933a7/variables" for ::1 at 2021-10-12 17:07:14 -0700
Started GET "/bands/1" for ::1 at 2021-10-12 17:07:16 -0700
Processing by BandsController#show as HTML
  Parameters: {"id"=>"1"}
  [1m[36mBand Load (0.5ms)[0m  [1m[34mSELECT  "bands".* FROM "bands" WHERE "bands"."id" = $1 LIMIT $2[0m  [["id", 1], ["LIMIT", 1]]
  ↳ app/controllers/bands_controller.rb:9
  Rendering bands/show.html.erb within layouts/application
  Rendered bands/_band.html.erb (0.5ms)
  Rendered bands/show.html.erb within layouts/application (41.9ms)
  [1m[36mUser Load (0.3ms)[0m  [1m[34mSELECT  "users".* FROM "users" WHERE "users"."session_token" = $1 LIMIT $2[0m  [["session_token", "Tx556wuOqqFA4ej90qyOuQ"], ["LIMIT", 1]]
  ↳ app/controllers/application_controller.rb:11
Completed 200 OK in 363ms (Views: 359.9ms | ActiveRecord: 0.7ms)


Started GET "/bands" for ::1 at 2021-10-12 17:07:21 -0700
Processing by BandsController#index as HTML
  Rendering bands/index.html.erb within layouts/application
  [1m[36mBand Load (0.4ms)[0m  [1m[34mSELECT "bands".* FROM "bands"[0m
  ↳ app/views/bands/index.html.erb:6
  Rendered bands/_band.html.erb (379.0ms)
  Rendered bands/index.html.erb within layouts/application (423.6ms)
Completed 500 Internal Server Error in 545ms (ActiveRecord: 0.4ms)



NameError - undefined local variable or method `user' for #<#<Class:0x000055b35ad5a968>:0x00007f92f5f25d20>:
  app/views/bands/_band.html.erb:6:in `_app_views_bands__band_html_erb___2472713433332963293_70134584032500'
  app/views/bands/index.html.erb:8:in `block in _app_views_bands_index_html_erb__2312158112433186056_70134584124740'
  app/views/bands/index.html.erb:6:in `_app_views_bands_index_html_erb__2312158112433186056_70134584124740'
  app/controllers/bands_controller.rb:5:in `index'

Started POST "/__better_errors/053e1216cbf8e759/variables" for ::1 at 2021-10-12 17:07:22 -0700
Started GET "/bands/1" for ::1 at 2021-10-12 17:07:32 -0700
Processing by BandsController#show as HTML
  Parameters: {"id"=>"1"}
  [1m[36mBand Load (0.3ms)[0m  [1m[34mSELECT  "bands".* FROM "bands" WHERE "bands"."id" = $1 LIMIT $2[0m  [["id", 1], ["LIMIT", 1]]
  ↳ app/controllers/bands_controller.rb:9
  Rendering bands/show.html.erb within layouts/application
  Rendered bands/_band.html.erb (2.0ms)
  Rendered bands/show.html.erb within layouts/application (36.6ms)
  [1m[36mUser Load (0.3ms)[0m  [1m[34mSELECT  "users".* FROM "users" WHERE "users"."session_token" = $1 LIMIT $2[0m  [["session_token", "Tx556wuOqqFA4ej90qyOuQ"], ["LIMIT", 1]]
  ↳ app/controllers/application_controller.rb:11
Completed 200 OK in 329ms (Views: 326.8ms | ActiveRecord: 0.6ms)


Started DELETE "/session" for ::1 at 2021-10-12 17:07:35 -0700
Processing by SessionsController#destroy as HTML
  [1m[36mUser Load (0.3ms)[0m  [1m[34mSELECT  "users".* FROM "users" WHERE "users"."session_token" = $1 LIMIT $2[0m  [["session_token", "Tx556wuOqqFA4ej90qyOuQ"], ["LIMIT", 1]]
  ↳ app/controllers/application_controller.rb:11
  [1m[35m (0.2ms)[0m  [1m[35mBEGIN[0m
  ↳ app/models/user.rb:39
  [1m[36mUser Exists (0.4ms)[0m  [1m[34mSELECT  1 AS one FROM "users" WHERE "users"."email" = $1 AND "users"."id" != $2 LIMIT $3[0m  [["email", "matasdf@asdf.com"], ["id", 3], ["LIMIT", 1]]
  ↳ app/models/user.rb:39
  [1m[36mUser Update (0.4ms)[0m  [1m[33mUPDATE "users" SET "session_token" = $1, "updated_at" = $2 WHERE "users"."id" = $3[0m  [["session_token", "QBWjvA8u7FT8mb8eTkwRPA"], ["updated_at", "2021-10-13 00:07:35.104505"], ["id", 3]]
  ↳ app/models/user.rb:39
  [1m[35m (1.3ms)[0m  [1m[35mCOMMIT[0m
  ↳ app/models/user.rb:39
Redirected to http://localhost:8000/session/new
Completed 302 Found in 10ms (ActiveRecord: 2.5ms)


Started GET "/session/new" for ::1 at 2021-10-12 17:07:35 -0700
Processing by SessionsController#new as HTML
  [1m[36mUser Load (0.2ms)[0m  [1m[34mSELECT  "users".* FROM "users" WHERE "users"."session_token" IS NULL LIMIT $1[0m  [["LIMIT", 1]]
  ↳ app/controllers/application_controller.rb:11
  Rendering sessions/new.html.erb within layouts/application
  Rendered sessions/new.html.erb within layouts/application (0.5ms)
  [1m[36mCACHE User Load (0.0ms)[0m  [1m[34mSELECT  "users".* FROM "users" WHERE "users"."session_token" IS NULL LIMIT $1[0m  [["LIMIT", 1]]
  ↳ app/controllers/application_controller.rb:11
Completed 200 OK in 351ms (Views: 348.7ms | ActiveRecord: 0.2ms)


Started GET "/bands" for ::1 at 2021-10-12 17:07:42 -0700
Processing by BandsController#index as HTML
  Rendering bands/index.html.erb within layouts/application
  [1m[36mBand Load (0.3ms)[0m  [1m[34mSELECT "bands".* FROM "bands"[0m
  ↳ app/views/bands/index.html.erb:6
  Rendered bands/_band.html.erb (385.8ms)
  Rendered bands/index.html.erb within layouts/application (429.7ms)
Completed 500 Internal Server Error in 555ms (ActiveRecord: 0.3ms)



NameError - undefined local variable or method `user' for #<#<Class:0x000055b35ad5a968>:0x00007f92f6098cc0>:
  app/views/bands/_band.html.erb:6:in `_app_views_bands__band_html_erb___2472713433332963293_70134584716320'
  app/views/bands/index.html.erb:8:in `block in _app_views_bands_index_html_erb__2312158112433186056_70134584859880'
  app/views/bands/index.html.erb:6:in `_app_views_bands_index_html_erb__2312158112433186056_70134584859880'
  app/controllers/bands_controller.rb:5:in `index'

Started POST "/__better_errors/8ec1bfd2f02ff2f2/variables" for ::1 at 2021-10-12 17:07:43 -0700
Started GET "/bands" for ::1 at 2021-10-12 17:08:31 -0700
  [1m[35m (0.5ms)[0m  [1m[34mSELECT "schema_migrations"."version" FROM "schema_migrations" ORDER BY "schema_migrations"."version" ASC[0m
  ↳ /home/matthew/.rbenv/versions/2.5.1/lib/ruby/gems/2.5.0/gems/activerecord-5.2.6/lib/active_record/log_subscriber.rb:98
Processing by BandsController#index as HTML
  Rendering bands/index.html.erb within layouts/application
  [1m[36mBand Load (0.4ms)[0m  [1m[34mSELECT "bands".* FROM "bands"[0m
  ↳ app/views/bands/index.html.erb:6
  Rendered bands/_band.html.erb (0.5ms)
  Rendered bands/index.html.erb within layouts/application (55.6ms)
  [1m[36mUser Load (0.2ms)[0m  [1m[34mSELECT  "users".* FROM "users" WHERE "users"."session_token" IS NULL LIMIT $1[0m  [["LIMIT", 1]]
  ↳ app/controllers/application_controller.rb:11
Completed 200 OK in 1153ms (Views: 1096.4ms | ActiveRecord: 4.1ms)


Started GET "/bands/new" for ::1 at 2021-10-12 17:08:36 -0700
Processing by BandsController#new as HTML
  Rendering bands/new.html.erb within layouts/application
  Rendered bands/_form.html.erb (0.4ms)
  Rendered bands/new.html.erb within layouts/application (34.6ms)
  [1m[36mUser Load (0.3ms)[0m  [1m[34mSELECT  "users".* FROM "users" WHERE "users"."session_token" IS NULL LIMIT $1[0m  [["LIMIT", 1]]
  ↳ app/controllers/application_controller.rb:11
Completed 200 OK in 336ms (Views: 335.2ms | ActiveRecord: 0.3ms)


Started POST "/bands" for ::1 at 2021-10-12 17:08:49 -0700
Processing by BandsController#create as HTML
  Parameters: {"band"=>{"name"=>"another_test"}}
  [1m[35m (0.2ms)[0m  [1m[35mBEGIN[0m
  ↳ app/controllers/bands_controller.rb:20
  [1m[36mBand Create (0.4ms)[0m  [1m[32mINSERT INTO "bands" ("name", "created_at", "updated_at") VALUES ($1, $2, $3) RETURNING "id"[0m  [["name", "another_test"], ["created_at", "2021-10-13 00:08:49.104553"], ["updated_at", "2021-10-13 00:08:49.104553"]]
  ↳ app/controllers/bands_controller.rb:20
  [1m[35m (1.5ms)[0m  [1m[35mCOMMIT[0m
  ↳ app/controllers/bands_controller.rb:20
Redirected to http://localhost:8000/bands/2
Completed 302 Found in 8ms (ActiveRecord: 2.1ms)


Started GET "/bands/2" for ::1 at 2021-10-12 17:08:49 -0700
Processing by BandsController#show as HTML
  Parameters: {"id"=>"2"}
  [1m[36mBand Load (0.2ms)[0m  [1m[34mSELECT  "bands".* FROM "bands" WHERE "bands"."id" = $1 LIMIT $2[0m  [["id", 2], ["LIMIT", 1]]
  ↳ app/controllers/bands_controller.rb:9
  Rendering bands/show.html.erb within layouts/application
  Rendered bands/_band.html.erb (0.5ms)
  Rendered bands/show.html.erb within layouts/application (44.2ms)
  [1m[36mUser Load (0.2ms)[0m  [1m[34mSELECT  "users".* FROM "users" WHERE "users"."session_token" IS NULL LIMIT $1[0m  [["LIMIT", 1]]
  ↳ app/controllers/application_controller.rb:11
Completed 200 OK in 395ms (Views: 392.9ms | ActiveRecord: 0.5ms)


Started GET "/bands" for ::1 at 2021-10-12 17:08:51 -0700
Processing by BandsController#index as HTML
  Rendering bands/index.html.erb within layouts/application
  [1m[36mBand Load (0.3ms)[0m  [1m[34mSELECT "bands".* FROM "bands"[0m
  ↳ app/views/bands/index.html.erb:6
  Rendered bands/_band.html.erb (0.6ms)
  Rendered bands/_band.html.erb (0.2ms)
  Rendered bands/index.html.erb within layouts/application (86.4ms)
  [1m[36mUser Load (0.3ms)[0m  [1m[34mSELECT  "users".* FROM "users" WHERE "users"."session_token" IS NULL LIMIT $1[0m  [["LIMIT", 1]]
  ↳ app/controllers/application_controller.rb:11
Completed 200 OK in 431ms (Views: 430.0ms | ActiveRecord: 0.6ms)


